{"E:\\Djanog test\\Restaurant Pos System\\mobile\\src\\components\\ErrorBoundary.js": {"path":"E:\\Djanog test\\Restaurant Pos System\\mobile\\src\\components\\ErrorBoundary.js","statementMap":{"0":{"start":{"line":11,"column":4},"end":{"line":11,"column":17}},"1":{"start":{"line":12,"column":4},"end":{"line":12,"column":50}},"2":{"start":{"line":16,"column":4},"end":{"line":16,"column":37}},"3":{"start":{"line":20,"column":4},"end":{"line":20,"column":61}},"4":{"start":{"line":23,"column":16},"end":{"line":25,"column":3}},"5":{"start":{"line":24,"column":4},"end":{"line":24,"column":52}},"6":{"start":{"line":28,"column":4},"end":{"line":42,"column":5}},"7":{"start":{"line":29,"column":6},"end":{"line":41,"column":8}},"8":{"start":{"line":44,"column":4},"end":{"line":44,"column":31}},"9":{"start":{"line":48,"column":15},"end":{"line":84,"column":2}}},"fnMap":{"0":{"name":"(anonymous_0)","decl":{"start":{"line":10,"column":2},"end":{"line":10,"column":3}},"loc":{"start":{"line":10,"column":21},"end":{"line":13,"column":3}},"line":10},"1":{"name":"(anonymous_1)","decl":{"start":{"line":15,"column":2},"end":{"line":15,"column":3}},"loc":{"start":{"line":15,"column":41},"end":{"line":17,"column":3}},"line":15},"2":{"name":"(anonymous_2)","decl":{"start":{"line":19,"column":2},"end":{"line":19,"column":3}},"loc":{"start":{"line":19,"column":38},"end":{"line":21,"column":3}},"line":19},"3":{"name":"(anonymous_3)","decl":{"start":{"line":23,"column":16},"end":{"line":23,"column":17}},"loc":{"start":{"line":23,"column":22},"end":{"line":25,"column":3}},"line":23},"4":{"name":"(anonymous_4)","decl":{"start":{"line":27,"column":2},"end":{"line":27,"column":3}},"loc":{"start":{"line":27,"column":11},"end":{"line":45,"column":3}},"line":27}},"branchMap":{"0":{"loc":{"start":{"line":28,"column":4},"end":{"line":42,"column":5}},"type":"if","locations":[{"start":{"line":28,"column":4},"end":{"line":42,"column":5}},{"start":{},"end":{}}],"line":28},"1":{"loc":{"start":{"line":34,"column":13},"end":{"line":34,"column":73}},"type":"binary-expr","locations":[{"start":{"line":34,"column":13},"end":{"line":34,"column":38}},{"start":{"line":34,"column":42},"end":{"line":34,"column":73}}],"line":34}},"s":{"0":4,"1":4,"2":3,"3":3,"4":4,"5":1,"6":8,"7":3,"8":5,"9":1},"f":{"0":4,"1":3,"2":3,"3":1,"4":8},"b":{"0":[3,5],"1":[3,0]},"_coverageSchema":"1a1c01bbd47fc00a2c39e90264f33305004495a9","hash":"20fdc791a66e2b2d2605def581091a98537bc406"}
,"E:\\Djanog test\\Restaurant Pos System\\mobile\\src\\components\\NotificationBell.js": {"path":"E:\\Djanog test\\Restaurant Pos System\\mobile\\src\\components\\NotificationBell.js","statementMap":{"0":{"start":{"line":6,"column":2},"end":{"line":15,"column":4}},"1":{"start":{"line":18,"column":15},"end":{"line":40,"column":2}}},"fnMap":{"0":{"name":"NotificationBell","decl":{"start":{"line":5,"column":24},"end":{"line":5,"column":40}},"loc":{"start":{"line":5,"column":61},"end":{"line":16,"column":1}},"line":5}},"branchMap":{"0":{"loc":{"start":{"line":9,"column":7},"end":{"line":13,"column":7}},"type":"binary-expr","locations":[{"start":{"line":9,"column":7},"end":{"line":9,"column":16}},{"start":{"line":10,"column":8},"end":{"line":12,"column":15}}],"line":9},"1":{"loc":{"start":{"line":11,"column":42},"end":{"line":11,"column":68}},"type":"cond-expr","locations":[{"start":{"line":11,"column":55},"end":{"line":11,"column":60}},{"start":{"line":11,"column":63},"end":{"line":11,"column":68}}],"line":11}},"s":{"0":6,"1":1},"f":{"0":6},"b":{"0":[6,4],"1":[1,3]},"_coverageSchema":"1a1c01bbd47fc00a2c39e90264f33305004495a9","hash":"c2c02f2fa38f91ec62965b1b36ea4fa9fdbed97e"}
,"E:\\Djanog test\\Restaurant Pos System\\mobile\\src\\constants\\colors.js": {"path":"E:\\Djanog test\\Restaurant Pos System\\mobile\\src\\constants\\colors.js","statementMap":{"0":{"start":{"line":2,"column":22},"end":{"line":52,"column":1}},"1":{"start":{"line":54,"column":23},"end":{"line":60,"column":1}},"2":{"start":{"line":62,"column":22},"end":{"line":68,"column":1}},"3":{"start":{"line":71,"column":22},"end":{"line":88,"column":1}}},"fnMap":{},"branchMap":{},"s":{"0":2,"1":2,"2":2,"3":2},"f":{},"b":{},"_coverageSchema":"1a1c01bbd47fc00a2c39e90264f33305004495a9","hash":"563e561dcbf4409f31b405c3156e831a769fbc97"}
,"E:\\Djanog test\\Restaurant Pos System\\mobile\\src\\constants\\config.js": {"path":"E:\\Djanog test\\Restaurant Pos System\\mobile\\src\\constants\\config.js","statementMap":{"0":{"start":{"line":6,"column":28},"end":{"line":6,"column":65}},"1":{"start":{"line":12,"column":27},"end":{"line":12,"column":31}},"2":{"start":{"line":13,"column":26},"end":{"line":13,"column":47}},"3":{"start":{"line":16,"column":27},"end":{"line":16,"column":70}},"4":{"start":{"line":19,"column":32},"end":{"line":19,"column":46}},"5":{"start":{"line":20,"column":33},"end":{"line":20,"column":48}},"6":{"start":{"line":23,"column":31},"end":{"line":23,"column":36}},"7":{"start":{"line":26,"column":33},"end":{"line":26,"column":35}},"8":{"start":{"line":29,"column":26},"end":{"line":29,"column":28}}},"fnMap":{},"branchMap":{},"s":{"0":3,"1":3,"2":3,"3":3,"4":3,"5":3,"6":3,"7":3,"8":3},"f":{},"b":{},"_coverageSchema":"1a1c01bbd47fc00a2c39e90264f33305004495a9","hash":"7c6fdc76a1103b43fd19e25245b06d8f0e6c4847"}
,"E:\\Djanog test\\Restaurant Pos System\\mobile\\src\\context\\AuthContext.js": {"path":"E:\\Djanog test\\Restaurant Pos System\\mobile\\src\\context\\AuthContext.js","statementMap":{"0":{"start":{"line":6,"column":20},"end":{"line":6,"column":39}},"1":{"start":{"line":9,"column":26},"end":{"line":9,"column":40}},"2":{"start":{"line":10,"column":32},"end":{"line":10,"column":46}},"3":{"start":{"line":11,"column":38},"end":{"line":11,"column":53}},"4":{"start":{"line":14,"column":2},"end":{"line":16,"column":9}},"5":{"start":{"line":15,"column":4},"end":{"line":15,"column":21}},"6":{"start":{"line":18,"column":25},"end":{"line":38,"column":3}},"7":{"start":{"line":19,"column":4},"end":{"line":37,"column":5}},"8":{"start":{"line":20,"column":20},"end":{"line":20,"column":68}},"9":{"start":{"line":21,"column":6},"end":{"line":30,"column":7}},"10":{"start":{"line":22,"column":25},"end":{"line":22,"column":51}},"11":{"start":{"line":23,"column":8},"end":{"line":29,"column":9}},"12":{"start":{"line":24,"column":10},"end":{"line":24,"column":33}},"13":{"start":{"line":25,"column":10},"end":{"line":25,"column":30}},"14":{"start":{"line":27,"column":10},"end":{"line":27,"column":62}},"15":{"start":{"line":28,"column":10},"end":{"line":28,"column":63}},"16":{"start":{"line":33,"column":6},"end":{"line":33,"column":58}},"17":{"start":{"line":34,"column":6},"end":{"line":34,"column":59}},"18":{"start":{"line":36,"column":6},"end":{"line":36,"column":24}},"19":{"start":{"line":40,"column":16},"end":{"line":48,"column":8}},"20":{"start":{"line":41,"column":21},"end":{"line":41,"column":60}},"21":{"start":{"line":42,"column":4},"end":{"line":46,"column":5}},"22":{"start":{"line":43,"column":6},"end":{"line":43,"column":34}},"23":{"start":{"line":44,"column":6},"end":{"line":44,"column":26}},"24":{"start":{"line":45,"column":6},"end":{"line":45,"column":32}},"25":{"start":{"line":47,"column":4},"end":{"line":47,"column":57}},"26":{"start":{"line":50,"column":19},"end":{"line":58,"column":8}},"27":{"start":{"line":51,"column":21},"end":{"line":51,"column":53}},"28":{"start":{"line":52,"column":4},"end":{"line":56,"column":5}},"29":{"start":{"line":53,"column":6},"end":{"line":53,"column":34}},"30":{"start":{"line":54,"column":6},"end":{"line":54,"column":26}},"31":{"start":{"line":55,"column":6},"end":{"line":55,"column":32}},"32":{"start":{"line":57,"column":4},"end":{"line":57,"column":64}},"33":{"start":{"line":60,"column":17},"end":{"line":65,"column":8}},"34":{"start":{"line":61,"column":25},"end":{"line":61,"column":74}},"35":{"start":{"line":62,"column":4},"end":{"line":62,"column":39}},"36":{"start":{"line":63,"column":4},"end":{"line":63,"column":18}},"37":{"start":{"line":64,"column":4},"end":{"line":64,"column":25}},"38":{"start":{"line":67,"column":18},"end":{"line":75,"column":8}},"39":{"start":{"line":68,"column":21},"end":{"line":68,"column":49}},"40":{"start":{"line":69,"column":4},"end":{"line":73,"column":5}},"41":{"start":{"line":70,"column":6},"end":{"line":70,"column":34}},"42":{"start":{"line":71,"column":6},"end":{"line":71,"column":26}},"43":{"start":{"line":72,"column":6},"end":{"line":72,"column":32}},"44":{"start":{"line":74,"column":4},"end":{"line":74,"column":60}},"45":{"start":{"line":77,"column":18},"end":{"line":84,"column":3}},"46":{"start":{"line":79,"column":6},"end":{"line":79,"column":30}},"47":{"start":{"line":79,"column":17},"end":{"line":79,"column":30}},"48":{"start":{"line":80,"column":6},"end":{"line":80,"column":41}},"49":{"start":{"line":80,"column":29},"end":{"line":80,"column":41}},"50":{"start":{"line":81,"column":6},"end":{"line":81,"column":39}},"51":{"start":{"line":86,"column":20},"end":{"line":86,"column":38}},"52":{"start":{"line":87,"column":20},"end":{"line":87,"column":49}},"53":{"start":{"line":88,"column":20},"end":{"line":88,"column":59}},"54":{"start":{"line":89,"column":21},"end":{"line":89,"column":51}},"55":{"start":{"line":90,"column":21},"end":{"line":90,"column":68}},"56":{"start":{"line":92,"column":16},"end":{"line":106,"column":3}},"57":{"start":{"line":108,"column":2},"end":{"line":108,"column":79}},"58":{"start":{"line":112,"column":18},"end":{"line":112,"column":41}},"59":{"start":{"line":113,"column":2},"end":{"line":115,"column":3}},"60":{"start":{"line":114,"column":4},"end":{"line":114,"column":67}},"61":{"start":{"line":116,"column":2},"end":{"line":116,"column":17}}},"fnMap":{"0":{"name":"AuthProvider","decl":{"start":{"line":8,"column":16},"end":{"line":8,"column":28}},"loc":{"start":{"line":8,"column":43},"end":{"line":109,"column":1}},"line":8},"1":{"name":"(anonymous_1)","decl":{"start":{"line":14,"column":12},"end":{"line":14,"column":13}},"loc":{"start":{"line":14,"column":18},"end":{"line":16,"column":3}},"line":14},"2":{"name":"(anonymous_2)","decl":{"start":{"line":18,"column":25},"end":{"line":18,"column":26}},"loc":{"start":{"line":18,"column":37},"end":{"line":38,"column":3}},"line":18},"3":{"name":"(anonymous_3)","decl":{"start":{"line":40,"column":28},"end":{"line":40,"column":29}},"loc":{"start":{"line":40,"column":58},"end":{"line":48,"column":3}},"line":40},"4":{"name":"(anonymous_4)","decl":{"start":{"line":50,"column":31},"end":{"line":50,"column":32}},"loc":{"start":{"line":50,"column":51},"end":{"line":58,"column":3}},"line":50},"5":{"name":"(anonymous_5)","decl":{"start":{"line":60,"column":29},"end":{"line":60,"column":30}},"loc":{"start":{"line":60,"column":41},"end":{"line":65,"column":3}},"line":60},"6":{"name":"(anonymous_6)","decl":{"start":{"line":67,"column":30},"end":{"line":67,"column":31}},"loc":{"start":{"line":67,"column":47},"end":{"line":75,"column":3}},"line":67},"7":{"name":"(anonymous_7)","decl":{"start":{"line":78,"column":4},"end":{"line":78,"column":5}},"loc":{"start":{"line":78,"column":18},"end":{"line":82,"column":5}},"line":78},"8":{"name":"useAuth","decl":{"start":{"line":111,"column":16},"end":{"line":111,"column":23}},"loc":{"start":{"line":111,"column":26},"end":{"line":117,"column":1}},"line":111}},"branchMap":{"0":{"loc":{"start":{"line":21,"column":6},"end":{"line":30,"column":7}},"type":"if","locations":[{"start":{"line":21,"column":6},"end":{"line":30,"column":7}},{"start":{},"end":{}}],"line":21},"1":{"loc":{"start":{"line":23,"column":8},"end":{"line":29,"column":9}},"type":"if","locations":[{"start":{"line":23,"column":8},"end":{"line":29,"column":9}},{"start":{"line":26,"column":15},"end":{"line":29,"column":9}}],"line":23},"2":{"loc":{"start":{"line":42,"column":4},"end":{"line":46,"column":5}},"type":"if","locations":[{"start":{"line":42,"column":4},"end":{"line":46,"column":5}},{"start":{},"end":{}}],"line":42},"3":{"loc":{"start":{"line":47,"column":20},"end":{"line":47,"column":55}},"type":"binary-expr","locations":[{"start":{"line":47,"column":20},"end":{"line":47,"column":37}},{"start":{"line":47,"column":41},"end":{"line":47,"column":55}}],"line":47},"4":{"loc":{"start":{"line":52,"column":4},"end":{"line":56,"column":5}},"type":"if","locations":[{"start":{"line":52,"column":4},"end":{"line":56,"column":5}},{"start":{},"end":{}}],"line":52},"5":{"loc":{"start":{"line":57,"column":20},"end":{"line":57,"column":62}},"type":"binary-expr","locations":[{"start":{"line":57,"column":20},"end":{"line":57,"column":37}},{"start":{"line":57,"column":41},"end":{"line":57,"column":62}}],"line":57},"6":{"loc":{"start":{"line":69,"column":4},"end":{"line":73,"column":5}},"type":"if","locations":[{"start":{"line":69,"column":4},"end":{"line":73,"column":5}},{"start":{},"end":{}}],"line":69},"7":{"loc":{"start":{"line":74,"column":20},"end":{"line":74,"column":58}},"type":"binary-expr","locations":[{"start":{"line":74,"column":20},"end":{"line":74,"column":37}},{"start":{"line":74,"column":41},"end":{"line":74,"column":58}}],"line":74},"8":{"loc":{"start":{"line":79,"column":6},"end":{"line":79,"column":30}},"type":"if","locations":[{"start":{"line":79,"column":6},"end":{"line":79,"column":30}},{"start":{},"end":{}}],"line":79},"9":{"loc":{"start":{"line":80,"column":6},"end":{"line":80,"column":41}},"type":"if","locations":[{"start":{"line":80,"column":6},"end":{"line":80,"column":41}},{"start":{},"end":{}}],"line":80},"10":{"loc":{"start":{"line":90,"column":21},"end":{"line":90,"column":68}},"type":"binary-expr","locations":[{"start":{"line":90,"column":21},"end":{"line":90,"column":25}},{"start":{"line":90,"column":29},"end":{"line":90,"column":46}},{"start":{"line":90,"column":50},"end":{"line":90,"column":68}}],"line":90},"11":{"loc":{"start":{"line":113,"column":2},"end":{"line":115,"column":3}},"type":"if","locations":[{"start":{"line":113,"column":2},"end":{"line":115,"column":3}},{"start":{},"end":{}}],"line":113}},"s":{"0":1,"1":16,"2":16,"3":16,"4":16,"5":5,"6":16,"7":5,"8":5,"9":5,"10":3,"11":2,"12":2,"13":2,"14":0,"15":0,"16":1,"17":1,"18":5,"19":16,"20":1,"21":1,"22":1,"23":1,"24":1,"25":0,"26":16,"27":0,"28":0,"29":0,"30":0,"31":0,"32":0,"33":16,"34":0,"35":0,"36":0,"37":0,"38":16,"39":0,"40":0,"41":0,"42":0,"43":0,"44":0,"45":16,"46":64,"47":28,"48":36,"49":24,"50":12,"51":16,"52":16,"53":16,"54":16,"55":16,"56":16,"57":16,"58":20,"59":20,"60":0,"61":20},"f":{"0":16,"1":5,"2":5,"3":1,"4":0,"5":0,"6":0,"7":64,"8":20},"b":{"0":[3,2],"1":[2,0],"2":[1,0],"3":[0,0],"4":[0,0],"5":[0,0],"6":[0,0],"7":[0,0],"8":[28,36],"9":[24,12],"10":[16,9,6],"11":[0,20]},"_coverageSchema":"1a1c01bbd47fc00a2c39e90264f33305004495a9","hash":"20273d2514d81b73610e4c6d03056a3dc126bf42"}
,"E:\\Djanog test\\Restaurant Pos System\\mobile\\src\\context\\NetworkProvider.js": {"path":"E:\\Djanog test\\Restaurant Pos System\\mobile\\src\\context\\NetworkProvider.js","statementMap":{"0":{"start":{"line":5,"column":23},"end":{"line":5,"column":56}},"1":{"start":{"line":7,"column":26},"end":{"line":7,"column":58}},"2":{"start":{"line":7,"column":32},"end":{"line":7,"column":58}},"3":{"start":{"line":14,"column":34},"end":{"line":14,"column":48}},"4":{"start":{"line":15,"column":38},"end":{"line":15,"column":53}},"5":{"start":{"line":16,"column":24},"end":{"line":16,"column":58}},"6":{"start":{"line":18,"column":2},"end":{"line":40,"column":34}},"7":{"start":{"line":19,"column":24},"end":{"line":37,"column":6}},"8":{"start":{"line":20,"column":21},"end":{"line":20,"column":77}},"9":{"start":{"line":21,"column":6},"end":{"line":21,"column":26}},"10":{"start":{"line":23,"column":6},"end":{"line":36,"column":7}},"11":{"start":{"line":24,"column":8},"end":{"line":24,"column":28}},"12":{"start":{"line":25,"column":8},"end":{"line":29,"column":19}},"13":{"start":{"line":30,"column":13},"end":{"line":36,"column":7}},"14":{"start":{"line":31,"column":8},"end":{"line":35,"column":45}},"15":{"start":{"line":35,"column":23},"end":{"line":35,"column":43}},"16":{"start":{"line":39,"column":4},"end":{"line":39,"column":31}},"17":{"start":{"line":39,"column":17},"end":{"line":39,"column":30}},"18":{"start":{"line":42,"column":2},"end":{"line":53,"column":4}},"19":{"start":{"line":56,"column":15},"end":{"line":75,"column":2}}},"fnMap":{"0":{"name":"(anonymous_0)","decl":{"start":{"line":7,"column":26},"end":{"line":7,"column":27}},"loc":{"start":{"line":7,"column":32},"end":{"line":7,"column":58}},"line":7},"1":{"name":"NetworkProvider","decl":{"start":{"line":13,"column":16},"end":{"line":13,"column":31}},"loc":{"start":{"line":13,"column":46},"end":{"line":54,"column":1}},"line":13},"2":{"name":"(anonymous_2)","decl":{"start":{"line":18,"column":12},"end":{"line":18,"column":13}},"loc":{"start":{"line":18,"column":18},"end":{"line":40,"column":3}},"line":18},"3":{"name":"(anonymous_3)","decl":{"start":{"line":19,"column":49},"end":{"line":19,"column":50}},"loc":{"start":{"line":19,"column":60},"end":{"line":37,"column":5}},"line":19},"4":{"name":"(anonymous_4)","decl":{"start":{"line":35,"column":17},"end":{"line":35,"column":18}},"loc":{"start":{"line":35,"column":23},"end":{"line":35,"column":43}},"line":35},"5":{"name":"(anonymous_5)","decl":{"start":{"line":39,"column":11},"end":{"line":39,"column":12}},"loc":{"start":{"line":39,"column":17},"end":{"line":39,"column":30}},"line":39}},"branchMap":{"0":{"loc":{"start":{"line":20,"column":21},"end":{"line":20,"column":77}},"type":"binary-expr","locations":[{"start":{"line":20,"column":21},"end":{"line":20,"column":38}},{"start":{"line":20,"column":42},"end":{"line":20,"column":77}}],"line":20},"1":{"loc":{"start":{"line":23,"column":6},"end":{"line":36,"column":7}},"type":"if","locations":[{"start":{"line":23,"column":6},"end":{"line":36,"column":7}},{"start":{"line":30,"column":13},"end":{"line":36,"column":7}}],"line":23},"2":{"loc":{"start":{"line":30,"column":13},"end":{"line":36,"column":7}},"type":"if","locations":[{"start":{"line":30,"column":13},"end":{"line":36,"column":7}},{"start":{},"end":{}}],"line":30},"3":{"loc":{"start":{"line":45,"column":7},"end":{"line":51,"column":7}},"type":"binary-expr","locations":[{"start":{"line":45,"column":7},"end":{"line":45,"column":17}},{"start":{"line":46,"column":8},"end":{"line":50,"column":24}}],"line":45}},"s":{"0":1,"1":1,"2":3,"3":4,"4":4,"5":4,"6":4,"7":3,"8":0,"9":0,"10":0,"11":0,"12":0,"13":0,"14":0,"15":0,"16":3,"17":0,"18":4,"19":1},"f":{"0":3,"1":4,"2":3,"3":0,"4":0,"5":0},"b":{"0":[0,0],"1":[0,0],"2":[0,0],"3":[4,0]},"_coverageSchema":"1a1c01bbd47fc00a2c39e90264f33305004495a9","hash":"54530f0dd2e1b5ccc4143364803d934d385ecc0b"}
,"E:\\Djanog test\\Restaurant Pos System\\mobile\\src\\hooks\\useRetry.js": {"path":"E:\\Djanog test\\Restaurant Pos System\\mobile\\src\\hooks\\useRetry.js","statementMap":{"0":{"start":{"line":17,"column":26},"end":{"line":17,"column":40}},"1":{"start":{"line":18,"column":32},"end":{"line":18,"column":47}},"2":{"start":{"line":19,"column":28},"end":{"line":19,"column":42}},"3":{"start":{"line":20,"column":22},"end":{"line":20,"column":34}},"4":{"start":{"line":22,"column":18},"end":{"line":56,"column":3}},"5":{"start":{"line":24,"column":6},"end":{"line":24,"column":33}},"6":{"start":{"line":25,"column":6},"end":{"line":25,"column":23}},"7":{"start":{"line":26,"column":6},"end":{"line":26,"column":21}},"8":{"start":{"line":29,"column":6},"end":{"line":49,"column":7}},"9":{"start":{"line":29,"column":25},"end":{"line":29,"column":26}},"10":{"start":{"line":30,"column":8},"end":{"line":48,"column":9}},"11":{"start":{"line":31,"column":25},"end":{"line":31,"column":47}},"12":{"start":{"line":32,"column":10},"end":{"line":32,"column":26}},"13":{"start":{"line":33,"column":10},"end":{"line":33,"column":28}},"14":{"start":{"line":34,"column":10},"end":{"line":34,"column":24}},"15":{"start":{"line":36,"column":10},"end":{"line":36,"column":26}},"16":{"start":{"line":40,"column":12},"end":{"line":41,"column":56}},"17":{"start":{"line":43,"column":10},"end":{"line":43,"column":59}},"18":{"start":{"line":43,"column":53},"end":{"line":43,"column":59}},"19":{"start":{"line":46,"column":24},"end":{"line":46,"column":56}},"20":{"start":{"line":47,"column":10},"end":{"line":47,"column":57}},"21":{"start":{"line":47,"column":35},"end":{"line":47,"column":55}},"22":{"start":{"line":51,"column":6},"end":{"line":51,"column":26}},"23":{"start":{"line":52,"column":6},"end":{"line":52,"column":24}},"24":{"start":{"line":53,"column":6},"end":{"line":53,"column":22}},"25":{"start":{"line":58,"column":16},"end":{"line":63,"column":15}},"26":{"start":{"line":59,"column":4},"end":{"line":61,"column":5}},"27":{"start":{"line":60,"column":6},"end":{"line":60,"column":45}},"28":{"start":{"line":62,"column":4},"end":{"line":62,"column":21}},"29":{"start":{"line":65,"column":21},"end":{"line":65,"column":58}},"30":{"start":{"line":65,"column":39},"end":{"line":65,"column":53}},"31":{"start":{"line":67,"column":2},"end":{"line":67,"column":62}}},"fnMap":{"0":{"name":"useRetry","decl":{"start":{"line":16,"column":24},"end":{"line":16,"column":32}},"loc":{"start":{"line":16,"column":85},"end":{"line":68,"column":1}},"line":16},"1":{"name":"(anonymous_1)","decl":{"start":{"line":23,"column":4},"end":{"line":23,"column":5}},"loc":{"start":{"line":23,"column":23},"end":{"line":54,"column":5}},"line":23},"2":{"name":"(anonymous_2)","decl":{"start":{"line":47,"column":28},"end":{"line":47,"column":29}},"loc":{"start":{"line":47,"column":35},"end":{"line":47,"column":55}},"line":47},"3":{"name":"(anonymous_3)","decl":{"start":{"line":58,"column":28},"end":{"line":58,"column":29}},"loc":{"start":{"line":58,"column":34},"end":{"line":63,"column":3}},"line":58},"4":{"name":"(anonymous_4)","decl":{"start":{"line":65,"column":33},"end":{"line":65,"column":34}},"loc":{"start":{"line":65,"column":39},"end":{"line":65,"column":53}},"line":65}},"branchMap":{"0":{"loc":{"start":{"line":16,"column":42},"end":{"line":16,"column":83}},"type":"default-arg","locations":[{"start":{"line":16,"column":81},"end":{"line":16,"column":83}}],"line":16},"1":{"loc":{"start":{"line":16,"column":44},"end":{"line":16,"column":58}},"type":"default-arg","locations":[{"start":{"line":16,"column":57},"end":{"line":16,"column":58}}],"line":16},"2":{"loc":{"start":{"line":16,"column":60},"end":{"line":16,"column":76}},"type":"default-arg","locations":[{"start":{"line":16,"column":72},"end":{"line":16,"column":76}}],"line":16},"3":{"loc":{"start":{"line":40,"column":12},"end":{"line":41,"column":56}},"type":"binary-expr","locations":[{"start":{"line":40,"column":12},"end":{"line":40,"column":35}},{"start":{"line":41,"column":12},"end":{"line":41,"column":56}}],"line":40},"4":{"loc":{"start":{"line":43,"column":10},"end":{"line":43,"column":59}},"type":"if","locations":[{"start":{"line":43,"column":10},"end":{"line":43,"column":59}},{"start":{},"end":{}}],"line":43},"5":{"loc":{"start":{"line":43,"column":14},"end":{"line":43,"column":51}},"type":"binary-expr","locations":[{"start":{"line":43,"column":14},"end":{"line":43,"column":26}},{"start":{"line":43,"column":30},"end":{"line":43,"column":51}}],"line":43},"6":{"loc":{"start":{"line":59,"column":4},"end":{"line":61,"column":5}},"type":"if","locations":[{"start":{"line":59,"column":4},"end":{"line":61,"column":5}},{"start":{},"end":{}}],"line":59}},"s":{"0":37,"1":37,"2":37,"3":37,"4":37,"5":9,"6":9,"7":9,"8":9,"9":9,"10":11,"11":11,"12":3,"13":3,"14":3,"15":8,"16":8,"17":8,"18":6,"19":2,"20":2,"21":2,"22":6,"23":6,"24":6,"25":37,"26":0,"27":0,"28":0,"29":37,"30":1,"31":37},"f":{"0":37,"1":9,"2":2,"3":0,"4":1},"b":{"0":[13],"1":[13],"2":[13],"3":[8,8],"4":[6,2],"5":[8,2],"6":[0,0]},"_coverageSchema":"1a1c01bbd47fc00a2c39e90264f33305004495a9","hash":"76ce524b3c96c1ec2d87dcc71e51d4a3c0718a2b"}
,"E:\\Djanog test\\Restaurant Pos System\\mobile\\src\\screens\\auth\\LoginScreen.js": {"path":"E:\\Djanog test\\Restaurant Pos System\\mobile\\src\\screens\\auth\\LoginScreen.js","statementMap":{"0":{"start":{"line":11,"column":34},"end":{"line":11,"column":46}},"1":{"start":{"line":12,"column":34},"end":{"line":12,"column":46}},"2":{"start":{"line":13,"column":42},"end":{"line":13,"column":57}},"3":{"start":{"line":14,"column":32},"end":{"line":14,"column":47}},"4":{"start":{"line":15,"column":20},"end":{"line":15,"column":29}},"5":{"start":{"line":17,"column":22},"end":{"line":30,"column":3}},"6":{"start":{"line":18,"column":4},"end":{"line":21,"column":5}},"7":{"start":{"line":19,"column":6},"end":{"line":19,"column":71}},"8":{"start":{"line":20,"column":6},"end":{"line":20,"column":13}},"9":{"start":{"line":22,"column":4},"end":{"line":22,"column":21}},"10":{"start":{"line":23,"column":4},"end":{"line":29,"column":5}},"11":{"start":{"line":24,"column":6},"end":{"line":24,"column":45}},"12":{"start":{"line":26,"column":6},"end":{"line":26,"column":75}},"13":{"start":{"line":28,"column":6},"end":{"line":28,"column":24}},"14":{"start":{"line":32,"column":2},"end":{"line":132,"column":4}},"15":{"start":{"line":81,"column":31},"end":{"line":81,"column":61}},"16":{"start":{"line":118,"column":27},"end":{"line":118,"column":56}},"17":{"start":{"line":124,"column":43},"end":{"line":124,"column":74}},"18":{"start":{"line":135,"column":15},"end":{"line":269,"column":2}}},"fnMap":{"0":{"name":"LoginScreen","decl":{"start":{"line":10,"column":24},"end":{"line":10,"column":35}},"loc":{"start":{"line":10,"column":52},"end":{"line":133,"column":1}},"line":10},"1":{"name":"(anonymous_1)","decl":{"start":{"line":17,"column":22},"end":{"line":17,"column":23}},"loc":{"start":{"line":17,"column":34},"end":{"line":30,"column":3}},"line":17},"2":{"name":"(anonymous_2)","decl":{"start":{"line":81,"column":25},"end":{"line":81,"column":26}},"loc":{"start":{"line":81,"column":31},"end":{"line":81,"column":61}},"line":81},"3":{"name":"(anonymous_3)","decl":{"start":{"line":118,"column":21},"end":{"line":118,"column":22}},"loc":{"start":{"line":118,"column":27},"end":{"line":118,"column":56}},"line":118},"4":{"name":"(anonymous_4)","decl":{"start":{"line":124,"column":37},"end":{"line":124,"column":38}},"loc":{"start":{"line":124,"column":43},"end":{"line":124,"column":74}},"line":124}},"branchMap":{"0":{"loc":{"start":{"line":18,"column":4},"end":{"line":21,"column":5}},"type":"if","locations":[{"start":{"line":18,"column":4},"end":{"line":21,"column":5}},{"start":{},"end":{}}],"line":18},"1":{"loc":{"start":{"line":18,"column":8},"end":{"line":18,"column":37}},"type":"binary-expr","locations":[{"start":{"line":18,"column":8},"end":{"line":18,"column":24}},{"start":{"line":18,"column":28},"end":{"line":18,"column":37}}],"line":18},"2":{"loc":{"start":{"line":26,"column":34},"end":{"line":26,"column":73}},"type":"binary-expr","locations":[{"start":{"line":26,"column":34},"end":{"line":26,"column":47}},{"start":{"line":26,"column":51},"end":{"line":26,"column":73}}],"line":26},"3":{"loc":{"start":{"line":35,"column":16},"end":{"line":35,"column":60}},"type":"cond-expr","locations":[{"start":{"line":35,"column":40},"end":{"line":35,"column":49}},{"start":{"line":35,"column":52},"end":{"line":35,"column":60}}],"line":35},"4":{"loc":{"start":{"line":84,"column":24},"end":{"line":84,"column":72}},"type":"cond-expr","locations":[{"start":{"line":84,"column":39},"end":{"line":84,"column":56}},{"start":{"line":84,"column":59},"end":{"line":84,"column":72}}],"line":84},"5":{"loc":{"start":{"line":93,"column":40},"end":{"line":93,"column":77}},"type":"binary-expr","locations":[{"start":{"line":93,"column":40},"end":{"line":93,"column":47}},{"start":{"line":93,"column":51},"end":{"line":93,"column":77}}],"line":93},"6":{"loc":{"start":{"line":98,"column":13},"end":{"line":102,"column":13}},"type":"cond-expr","locations":[{"start":{"line":99,"column":14},"end":{"line":99,"column":61}},{"start":{"line":101,"column":14},"end":{"line":101,"column":93}}],"line":98},"7":{"loc":{"start":{"line":104,"column":15},"end":{"line":104,"column":52}},"type":"cond-expr","locations":[{"start":{"line":104,"column":25},"end":{"line":104,"column":40}},{"start":{"line":104,"column":43},"end":{"line":104,"column":52}}],"line":104}},"s":{"0":14,"1":14,"2":14,"3":14,"4":14,"5":14,"6":2,"7":0,"8":0,"9":2,"10":2,"11":2,"12":1,"13":2,"14":14,"15":0,"16":0,"17":1,"18":1},"f":{"0":14,"1":2,"2":0,"3":0,"4":1},"b":{"0":[0,2],"1":[2,2],"2":[1,0],"3":[0,14],"4":[0,14],"5":[14,2],"6":[2,12],"7":[2,12]},"_coverageSchema":"1a1c01bbd47fc00a2c39e90264f33305004495a9","hash":"cfb8dc39578c5d267f2e1117ab2086d888c63fa4"}
,"E:\\Djanog test\\Restaurant Pos System\\mobile\\src\\screens\\auth\\RegisterScreen.js": {"path":"E:\\Djanog test\\Restaurant Pos System\\mobile\\src\\screens\\auth\\RegisterScreen.js","statementMap":{"0":{"start":{"line":11,"column":34},"end":{"line":11,"column":46}},"1":{"start":{"line":12,"column":34},"end":{"line":12,"column":46}},"2":{"start":{"line":13,"column":34},"end":{"line":13,"column":46}},"3":{"start":{"line":14,"column":36},"end":{"line":14,"column":48}},"4":{"start":{"line":15,"column":32},"end":{"line":15,"column":47}},"5":{"start":{"line":16,"column":23},"end":{"line":16,"column":32}},"6":{"start":{"line":18,"column":25},"end":{"line":40,"column":3}},"7":{"start":{"line":19,"column":4},"end":{"line":22,"column":5}},"8":{"start":{"line":20,"column":6},"end":{"line":20,"column":57}},"9":{"start":{"line":21,"column":6},"end":{"line":21,"column":13}},"10":{"start":{"line":23,"column":4},"end":{"line":26,"column":5}},"11":{"start":{"line":24,"column":6},"end":{"line":24,"column":54}},"12":{"start":{"line":25,"column":6},"end":{"line":25,"column":13}},"13":{"start":{"line":27,"column":4},"end":{"line":27,"column":21}},"14":{"start":{"line":28,"column":4},"end":{"line":39,"column":5}},"15":{"start":{"line":29,"column":6},"end":{"line":34,"column":9}},"16":{"start":{"line":36,"column":6},"end":{"line":36,"column":87}},"17":{"start":{"line":38,"column":6},"end":{"line":38,"column":24}},"18":{"start":{"line":42,"column":2},"end":{"line":142,"column":4}},"19":{"start":{"line":134,"column":43},"end":{"line":134,"column":62}},"20":{"start":{"line":145,"column":15},"end":{"line":177,"column":2}}},"fnMap":{"0":{"name":"RegisterScreen","decl":{"start":{"line":10,"column":24},"end":{"line":10,"column":38}},"loc":{"start":{"line":10,"column":55},"end":{"line":143,"column":1}},"line":10},"1":{"name":"(anonymous_1)","decl":{"start":{"line":18,"column":25},"end":{"line":18,"column":26}},"loc":{"start":{"line":18,"column":37},"end":{"line":40,"column":3}},"line":18},"2":{"name":"(anonymous_2)","decl":{"start":{"line":134,"column":37},"end":{"line":134,"column":38}},"loc":{"start":{"line":134,"column":43},"end":{"line":134,"column":62}},"line":134}},"branchMap":{"0":{"loc":{"start":{"line":19,"column":4},"end":{"line":22,"column":5}},"type":"if","locations":[{"start":{"line":19,"column":4},"end":{"line":22,"column":5}},{"start":{},"end":{}}],"line":19},"1":{"loc":{"start":{"line":19,"column":8},"end":{"line":19,"column":71}},"type":"binary-expr","locations":[{"start":{"line":19,"column":8},"end":{"line":19,"column":24}},{"start":{"line":19,"column":28},"end":{"line":19,"column":44}},{"start":{"line":19,"column":48},"end":{"line":19,"column":57}},{"start":{"line":19,"column":61},"end":{"line":19,"column":71}}],"line":19},"2":{"loc":{"start":{"line":23,"column":4},"end":{"line":26,"column":5}},"type":"if","locations":[{"start":{"line":23,"column":4},"end":{"line":26,"column":5}},{"start":{},"end":{}}],"line":23},"3":{"loc":{"start":{"line":36,"column":41},"end":{"line":36,"column":85}},"type":"binary-expr","locations":[{"start":{"line":36,"column":41},"end":{"line":36,"column":54}},{"start":{"line":36,"column":58},"end":{"line":36,"column":85}}],"line":36},"4":{"loc":{"start":{"line":45,"column":16},"end":{"line":45,"column":60}},"type":"cond-expr","locations":[{"start":{"line":45,"column":40},"end":{"line":45,"column":49}},{"start":{"line":45,"column":52},"end":{"line":45,"column":60}}],"line":45},"5":{"loc":{"start":{"line":117,"column":43},"end":{"line":117,"column":83}},"type":"binary-expr","locations":[{"start":{"line":117,"column":43},"end":{"line":117,"column":50}},{"start":{"line":117,"column":54},"end":{"line":117,"column":83}}],"line":117},"6":{"loc":{"start":{"line":122,"column":13},"end":{"line":126,"column":13}},"type":"cond-expr","locations":[{"start":{"line":123,"column":14},"end":{"line":123,"column":61}},{"start":{"line":125,"column":14},"end":{"line":125,"column":89}}],"line":122},"7":{"loc":{"start":{"line":128,"column":15},"end":{"line":128,"column":58}},"type":"cond-expr","locations":[{"start":{"line":128,"column":25},"end":{"line":128,"column":46}},{"start":{"line":128,"column":49},"end":{"line":128,"column":58}}],"line":128}},"s":{"0":10,"1":10,"2":10,"3":10,"4":10,"5":10,"6":10,"7":3,"8":1,"9":1,"10":2,"11":1,"12":1,"13":1,"14":1,"15":1,"16":0,"17":1,"18":10,"19":0,"20":1},"f":{"0":10,"1":3,"2":0},"b":{"0":[1,2],"1":[3,2,2,2],"2":[1,1],"3":[0,0],"4":[0,10],"5":[10,1],"6":[1,9],"7":[1,9]},"_coverageSchema":"1a1c01bbd47fc00a2c39e90264f33305004495a9","hash":"e7b68e865f77bacded040e52a04ad0c33be15083"}
,"E:\\Djanog test\\Restaurant Pos System\\mobile\\src\\services\\apiClient.js": {"path":"E:\\Djanog test\\Restaurant Pos System\\mobile\\src\\services\\apiClient.js","statementMap":{"0":{"start":{"line":11,"column":19},"end":{"line":11,"column":24}},"1":{"start":{"line":12,"column":18},"end":{"line":12,"column":20}},"2":{"start":{"line":14,"column":21},"end":{"line":23,"column":1}},"3":{"start":{"line":15,"column":2},"end":{"line":21,"column":5}},"4":{"start":{"line":16,"column":4},"end":{"line":20,"column":5}},"5":{"start":{"line":17,"column":6},"end":{"line":17,"column":25}},"6":{"start":{"line":19,"column":6},"end":{"line":19,"column":26}},"7":{"start":{"line":22,"column":2},"end":{"line":22,"column":19}},"8":{"start":{"line":26,"column":2},"end":{"line":26,"column":52}},"9":{"start":{"line":30,"column":2},"end":{"line":30,"column":53}},"10":{"start":{"line":34,"column":2},"end":{"line":34,"column":59}},"11":{"start":{"line":35,"column":2},"end":{"line":35,"column":61}},"12":{"start":{"line":39,"column":2},"end":{"line":39,"column":54}},"13":{"start":{"line":40,"column":2},"end":{"line":40,"column":55}},"14":{"start":{"line":50,"column":2},"end":{"line":50,"column":53}},"15":{"start":{"line":50,"column":41},"end":{"line":50,"column":53}},"16":{"start":{"line":51,"column":16},"end":{"line":51,"column":18}},"17":{"start":{"line":52,"column":15},"end":{"line":60,"column":3}},"18":{"start":{"line":53,"column":4},"end":{"line":59,"column":5}},"19":{"start":{"line":54,"column":6},"end":{"line":54,"column":26}},"20":{"start":{"line":55,"column":11},"end":{"line":59,"column":5}},"21":{"start":{"line":56,"column":6},"end":{"line":56,"column":41}},"22":{"start":{"line":58,"column":6},"end":{"line":58,"column":32}},"23":{"start":{"line":61,"column":2},"end":{"line":61,"column":13}},"24":{"start":{"line":62,"column":2},"end":{"line":62,"column":48}},"25":{"start":{"line":69,"column":14},"end":{"line":69,"column":42}},"26":{"start":{"line":71,"column":18},"end":{"line":74,"column":3}},"27":{"start":{"line":76,"column":2},"end":{"line":78,"column":3}},"28":{"start":{"line":77,"column":4},"end":{"line":77,"column":49}},"29":{"start":{"line":81,"column":16},"end":{"line":81,"column":38}},"30":{"start":{"line":82,"column":2},"end":{"line":84,"column":3}},"31":{"start":{"line":83,"column":4},"end":{"line":83,"column":49}},"32":{"start":{"line":86,"column":21},"end":{"line":86,"column":42}},"33":{"start":{"line":87,"column":20},"end":{"line":87,"column":92}},"34":{"start":{"line":87,"column":37},"end":{"line":87,"column":55}},"35":{"start":{"line":89,"column":2},"end":{"line":167,"column":3}},"36":{"start":{"line":90,"column":21},"end":{"line":94,"column":6}},"37":{"start":{"line":96,"column":4},"end":{"line":96,"column":28}},"38":{"start":{"line":99,"column":4},"end":{"line":115,"column":5}},"39":{"start":{"line":102,"column":25},"end":{"line":102,"column":52}},"40":{"start":{"line":103,"column":28},"end":{"line":103,"column":72}},"41":{"start":{"line":104,"column":6},"end":{"line":107,"column":7}},"42":{"start":{"line":106,"column":8},"end":{"line":106,"column":68}},"43":{"start":{"line":108,"column":6},"end":{"line":112,"column":7}},"44":{"start":{"line":110,"column":8},"end":{"line":110,"column":28}},"45":{"start":{"line":111,"column":8},"end":{"line":111,"column":73}},"46":{"start":{"line":119,"column":24},"end":{"line":119,"column":60}},"47":{"start":{"line":120,"column":4},"end":{"line":124,"column":5}},"48":{"start":{"line":121,"column":6},"end":{"line":121,"column":35}},"49":{"start":{"line":123,"column":6},"end":{"line":123,"column":35}},"50":{"start":{"line":126,"column":4},"end":{"line":152,"column":5}},"51":{"start":{"line":132,"column":21},"end":{"line":132,"column":67}},"52":{"start":{"line":134,"column":8},"end":{"line":136,"column":77}},"53":{"start":{"line":139,"column":6},"end":{"line":150,"column":7}},"54":{"start":{"line":140,"column":8},"end":{"line":142,"column":53}},"55":{"start":{"line":144,"column":8},"end":{"line":149,"column":80}},"56":{"start":{"line":151,"column":6},"end":{"line":151,"column":65}},"57":{"start":{"line":154,"column":4},"end":{"line":154,"column":16}},"58":{"start":{"line":156,"column":4},"end":{"line":156,"column":28}},"59":{"start":{"line":158,"column":4},"end":{"line":160,"column":5}},"60":{"start":{"line":159,"column":6},"end":{"line":159,"column":82}},"61":{"start":{"line":162,"column":4},"end":{"line":164,"column":5}},"62":{"start":{"line":163,"column":6},"end":{"line":163,"column":18}},"63":{"start":{"line":166,"column":4},"end":{"line":166,"column":74}},"64":{"start":{"line":177,"column":23},"end":{"line":177,"column":46}},"65":{"start":{"line":178,"column":2},"end":{"line":178,"column":34}},"66":{"start":{"line":178,"column":21},"end":{"line":178,"column":34}},"67":{"start":{"line":181,"column":2},"end":{"line":185,"column":3}},"68":{"start":{"line":182,"column":4},"end":{"line":184,"column":7}},"69":{"start":{"line":183,"column":6},"end":{"line":183,"column":44}},"70":{"start":{"line":187,"column":2},"end":{"line":187,"column":22}},"71":{"start":{"line":189,"column":2},"end":{"line":224,"column":3}},"72":{"start":{"line":190,"column":16},"end":{"line":190,"column":60}},"73":{"start":{"line":191,"column":21},"end":{"line":198,"column":6}},"74":{"start":{"line":200,"column":4},"end":{"line":203,"column":5}},"75":{"start":{"line":201,"column":6},"end":{"line":201,"column":48}},"76":{"start":{"line":202,"column":6},"end":{"line":202,"column":19}},"77":{"start":{"line":207,"column":17},"end":{"line":207,"column":38}},"78":{"start":{"line":208,"column":22},"end":{"line":208,"column":34}},"79":{"start":{"line":209,"column":23},"end":{"line":209,"column":52}},"80":{"start":{"line":211,"column":4},"end":{"line":215,"column":5}},"81":{"start":{"line":212,"column":6},"end":{"line":212,"column":45}},"82":{"start":{"line":213,"column":6},"end":{"line":213,"column":36}},"83":{"start":{"line":214,"column":6},"end":{"line":214,"column":18}},"84":{"start":{"line":217,"column":4},"end":{"line":217,"column":46}},"85":{"start":{"line":218,"column":4},"end":{"line":218,"column":17}},"86":{"start":{"line":220,"column":4},"end":{"line":220,"column":20}},"87":{"start":{"line":221,"column":4},"end":{"line":221,"column":17}},"88":{"start":{"line":223,"column":4},"end":{"line":223,"column":25}},"89":{"start":{"line":233,"column":4},"end":{"line":233,"column":19}},"90":{"start":{"line":234,"column":4},"end":{"line":234,"column":27}},"91":{"start":{"line":235,"column":4},"end":{"line":235,"column":25}},"92":{"start":{"line":236,"column":4},"end":{"line":236,"column":25}},"93":{"start":{"line":244,"column":19},"end":{"line":284,"column":1}},"94":{"start":{"line":246,"column":24},"end":{"line":246,"column":62}},"95":{"start":{"line":247,"column":16},"end":{"line":247,"column":69}},"96":{"start":{"line":248,"column":4},"end":{"line":248,"column":46}},"97":{"start":{"line":252,"column":4},"end":{"line":255,"column":6}},"98":{"start":{"line":260,"column":20},"end":{"line":260,"column":22}},"99":{"start":{"line":261,"column":4},"end":{"line":261,"column":35}},"100":{"start":{"line":262,"column":4},"end":{"line":267,"column":7}},"101":{"start":{"line":271,"column":4},"end":{"line":274,"column":6}},"102":{"start":{"line":277,"column":4},"end":{"line":280,"column":6}},"103":{"start":{"line":283,"column":4},"end":{"line":283,"column":46}}},"fnMap":{"0":{"name":"(anonymous_0)","decl":{"start":{"line":14,"column":21},"end":{"line":14,"column":22}},"loc":{"start":{"line":14,"column":46},"end":{"line":23,"column":1}},"line":14},"1":{"name":"(anonymous_1)","decl":{"start":{"line":15,"column":22},"end":{"line":15,"column":23}},"loc":{"start":{"line":15,"column":32},"end":{"line":21,"column":3}},"line":15},"2":{"name":"getAccessToken","decl":{"start":{"line":25,"column":15},"end":{"line":25,"column":29}},"loc":{"start":{"line":25,"column":32},"end":{"line":27,"column":1}},"line":25},"3":{"name":"getRefreshToken","decl":{"start":{"line":29,"column":15},"end":{"line":29,"column":30}},"loc":{"start":{"line":29,"column":33},"end":{"line":31,"column":1}},"line":29},"4":{"name":"setTokens","decl":{"start":{"line":33,"column":15},"end":{"line":33,"column":24}},"loc":{"start":{"line":33,"column":42},"end":{"line":36,"column":1}},"line":33},"5":{"name":"clearTokens","decl":{"start":{"line":38,"column":15},"end":{"line":38,"column":26}},"loc":{"start":{"line":38,"column":29},"end":{"line":41,"column":1}},"line":38},"6":{"name":"extractDrfMessage","decl":{"start":{"line":49,"column":9},"end":{"line":49,"column":26}},"loc":{"start":{"line":49,"column":33},"end":{"line":63,"column":1}},"line":49},"7":{"name":"(anonymous_7)","decl":{"start":{"line":52,"column":15},"end":{"line":52,"column":16}},"loc":{"start":{"line":52,"column":26},"end":{"line":60,"column":3}},"line":52},"8":{"name":"apiRequest","decl":{"start":{"line":68,"column":15},"end":{"line":68,"column":25}},"loc":{"start":{"line":68,"column":50},"end":{"line":168,"column":1}},"line":68},"9":{"name":"(anonymous_9)","decl":{"start":{"line":87,"column":31},"end":{"line":87,"column":32}},"loc":{"start":{"line":87,"column":37},"end":{"line":87,"column":55}},"line":87},"10":{"name":"tryRefreshToken","decl":{"start":{"line":176,"column":15},"end":{"line":176,"column":30}},"loc":{"start":{"line":176,"column":33},"end":{"line":225,"column":1}},"line":176},"11":{"name":"(anonymous_11)","decl":{"start":{"line":182,"column":23},"end":{"line":182,"column":24}},"loc":{"start":{"line":182,"column":44},"end":{"line":184,"column":5}},"line":182},"12":{"name":"(anonymous_12)","decl":{"start":{"line":232,"column":2},"end":{"line":232,"column":3}},"loc":{"start":{"line":232,"column":46},"end":{"line":237,"column":3}},"line":232},"13":{"name":"(anonymous_13)","decl":{"start":{"line":245,"column":7},"end":{"line":245,"column":8}},"loc":{"start":{"line":245,"column":34},"end":{"line":249,"column":3}},"line":245},"14":{"name":"(anonymous_14)","decl":{"start":{"line":251,"column":8},"end":{"line":251,"column":9}},"loc":{"start":{"line":252,"column":4},"end":{"line":255,"column":6}},"line":252},"15":{"name":"(anonymous_15)","decl":{"start":{"line":259,"column":10},"end":{"line":259,"column":11}},"loc":{"start":{"line":259,"column":34},"end":{"line":268,"column":3}},"line":259},"16":{"name":"(anonymous_16)","decl":{"start":{"line":270,"column":7},"end":{"line":270,"column":8}},"loc":{"start":{"line":271,"column":4},"end":{"line":274,"column":6}},"line":271},"17":{"name":"(anonymous_17)","decl":{"start":{"line":276,"column":9},"end":{"line":276,"column":10}},"loc":{"start":{"line":277,"column":4},"end":{"line":280,"column":6}},"line":277},"18":{"name":"(anonymous_18)","decl":{"start":{"line":282,"column":10},"end":{"line":282,"column":11}},"loc":{"start":{"line":283,"column":4},"end":{"line":283,"column":46}},"line":283}},"branchMap":{"0":{"loc":{"start":{"line":14,"column":29},"end":{"line":14,"column":41}},"type":"default-arg","locations":[{"start":{"line":14,"column":37},"end":{"line":14,"column":41}}],"line":14},"1":{"loc":{"start":{"line":16,"column":4},"end":{"line":20,"column":5}},"type":"if","locations":[{"start":{"line":16,"column":4},"end":{"line":20,"column":5}},{"start":{"line":18,"column":11},"end":{"line":20,"column":5}}],"line":16},"2":{"loc":{"start":{"line":50,"column":2},"end":{"line":50,"column":53}},"type":"if","locations":[{"start":{"line":50,"column":2},"end":{"line":50,"column":53}},{"start":{},"end":{}}],"line":50},"3":{"loc":{"start":{"line":50,"column":6},"end":{"line":50,"column":39}},"type":"binary-expr","locations":[{"start":{"line":50,"column":6},"end":{"line":50,"column":11}},{"start":{"line":50,"column":15},"end":{"line":50,"column":39}}],"line":50},"4":{"loc":{"start":{"line":53,"column":4},"end":{"line":59,"column":5}},"type":"if","locations":[{"start":{"line":53,"column":4},"end":{"line":59,"column":5}},{"start":{"line":55,"column":11},"end":{"line":59,"column":5}}],"line":53},"5":{"loc":{"start":{"line":55,"column":11},"end":{"line":59,"column":5}},"type":"if","locations":[{"start":{"line":55,"column":11},"end":{"line":59,"column":5}},{"start":{"line":57,"column":11},"end":{"line":59,"column":5}}],"line":55},"6":{"loc":{"start":{"line":55,"column":15},"end":{"line":55,"column":49}},"type":"binary-expr","locations":[{"start":{"line":55,"column":15},"end":{"line":55,"column":20}},{"start":{"line":55,"column":24},"end":{"line":55,"column":49}}],"line":55},"7":{"loc":{"start":{"line":62,"column":9},"end":{"line":62,"column":47}},"type":"cond-expr","locations":[{"start":{"line":62,"column":24},"end":{"line":62,"column":40}},{"start":{"line":62,"column":43},"end":{"line":62,"column":47}}],"line":62},"8":{"loc":{"start":{"line":68,"column":36},"end":{"line":68,"column":48}},"type":"default-arg","locations":[{"start":{"line":68,"column":46},"end":{"line":68,"column":48}}],"line":68},"9":{"loc":{"start":{"line":76,"column":2},"end":{"line":78,"column":3}},"type":"if","locations":[{"start":{"line":76,"column":2},"end":{"line":78,"column":3}},{"start":{},"end":{}}],"line":76},"10":{"loc":{"start":{"line":82,"column":2},"end":{"line":84,"column":3}},"type":"if","locations":[{"start":{"line":82,"column":2},"end":{"line":84,"column":3}},{"start":{},"end":{}}],"line":82},"11":{"loc":{"start":{"line":87,"column":57},"end":{"line":87,"column":91}},"type":"binary-expr","locations":[{"start":{"line":87,"column":57},"end":{"line":87,"column":72}},{"start":{"line":87,"column":76},"end":{"line":87,"column":91}}],"line":87},"12":{"loc":{"start":{"line":99,"column":4},"end":{"line":115,"column":5}},"type":"if","locations":[{"start":{"line":99,"column":4},"end":{"line":115,"column":5}},{"start":{},"end":{}}],"line":99},"13":{"loc":{"start":{"line":99,"column":8},"end":{"line":99,"column":52}},"type":"binary-expr","locations":[{"start":{"line":99,"column":8},"end":{"line":99,"column":31}},{"start":{"line":99,"column":35},"end":{"line":99,"column":52}}],"line":99},"14":{"loc":{"start":{"line":103,"column":28},"end":{"line":103,"column":72}},"type":"cond-expr","locations":[{"start":{"line":103,"column":41},"end":{"line":103,"column":64}},{"start":{"line":103,"column":67},"end":{"line":103,"column":72}}],"line":103},"15":{"loc":{"start":{"line":104,"column":6},"end":{"line":107,"column":7}},"type":"if","locations":[{"start":{"line":104,"column":6},"end":{"line":107,"column":7}},{"start":{},"end":{}}],"line":104},"16":{"loc":{"start":{"line":108,"column":6},"end":{"line":112,"column":7}},"type":"if","locations":[{"start":{"line":108,"column":6},"end":{"line":112,"column":7}},{"start":{},"end":{}}],"line":108},"17":{"loc":{"start":{"line":120,"column":4},"end":{"line":124,"column":5}},"type":"if","locations":[{"start":{"line":120,"column":4},"end":{"line":124,"column":5}},{"start":{"line":122,"column":11},"end":{"line":124,"column":5}}],"line":120},"18":{"loc":{"start":{"line":120,"column":8},"end":{"line":120,"column":63}},"type":"binary-expr","locations":[{"start":{"line":120,"column":8},"end":{"line":120,"column":19}},{"start":{"line":120,"column":23},"end":{"line":120,"column":63}}],"line":120},"19":{"loc":{"start":{"line":126,"column":4},"end":{"line":152,"column":5}},"type":"if","locations":[{"start":{"line":126,"column":4},"end":{"line":152,"column":5}},{"start":{},"end":{}}],"line":126},"20":{"loc":{"start":{"line":132,"column":21},"end":{"line":132,"column":67}},"type":"binary-expr","locations":[{"start":{"line":132,"column":21},"end":{"line":132,"column":45}},{"start":{"line":132,"column":49},"end":{"line":132,"column":67}}],"line":132},"21":{"loc":{"start":{"line":134,"column":8},"end":{"line":136,"column":77}},"type":"binary-expr","locations":[{"start":{"line":134,"column":8},"end":{"line":134,"column":31}},{"start":{"line":135,"column":8},"end":{"line":135,"column":31}},{"start":{"line":136,"column":9},"end":{"line":136,"column":15}},{"start":{"line":136,"column":19},"end":{"line":136,"column":76}}],"line":134},"22":{"loc":{"start":{"line":139,"column":6},"end":{"line":150,"column":7}},"type":"if","locations":[{"start":{"line":139,"column":6},"end":{"line":150,"column":7}},{"start":{"line":143,"column":13},"end":{"line":150,"column":7}}],"line":139},"23":{"loc":{"start":{"line":145,"column":10},"end":{"line":149,"column":79}},"type":"binary-expr","locations":[{"start":{"line":145,"column":10},"end":{"line":145,"column":23}},{"start":{"line":146,"column":10},"end":{"line":146,"column":22}},{"start":{"line":147,"column":11},"end":{"line":149,"column":78}}],"line":145},"24":{"loc":{"start":{"line":147,"column":11},"end":{"line":149,"column":78}},"type":"cond-expr","locations":[{"start":{"line":148,"column":14},"end":{"line":148,"column":18}},{"start":{"line":149,"column":14},"end":{"line":149,"column":78}}],"line":147},"25":{"loc":{"start":{"line":149,"column":14},"end":{"line":149,"column":78}},"type":"binary-expr","locations":[{"start":{"line":149,"column":14},"end":{"line":149,"column":37}},{"start":{"line":149,"column":41},"end":{"line":149,"column":78}}],"line":149},"26":{"loc":{"start":{"line":158,"column":4},"end":{"line":160,"column":5}},"type":"if","locations":[{"start":{"line":158,"column":4},"end":{"line":160,"column":5}},{"start":{},"end":{}}],"line":158},"27":{"loc":{"start":{"line":162,"column":4},"end":{"line":164,"column":5}},"type":"if","locations":[{"start":{"line":162,"column":4},"end":{"line":164,"column":5}},{"start":{},"end":{}}],"line":162},"28":{"loc":{"start":{"line":178,"column":2},"end":{"line":178,"column":34}},"type":"if","locations":[{"start":{"line":178,"column":2},"end":{"line":178,"column":34}},{"start":{},"end":{}}],"line":178},"29":{"loc":{"start":{"line":181,"column":2},"end":{"line":185,"column":3}},"type":"if","locations":[{"start":{"line":181,"column":2},"end":{"line":185,"column":3}},{"start":{},"end":{}}],"line":181},"30":{"loc":{"start":{"line":200,"column":4},"end":{"line":203,"column":5}},"type":"if","locations":[{"start":{"line":200,"column":4},"end":{"line":203,"column":5}},{"start":{},"end":{}}],"line":200},"31":{"loc":{"start":{"line":209,"column":23},"end":{"line":209,"column":52}},"type":"binary-expr","locations":[{"start":{"line":209,"column":23},"end":{"line":209,"column":36}},{"start":{"line":209,"column":40},"end":{"line":209,"column":52}}],"line":209},"32":{"loc":{"start":{"line":211,"column":4},"end":{"line":215,"column":5}},"type":"if","locations":[{"start":{"line":211,"column":4},"end":{"line":215,"column":5}},{"start":{},"end":{}}],"line":211},"33":{"loc":{"start":{"line":232,"column":31},"end":{"line":232,"column":44}},"type":"default-arg","locations":[{"start":{"line":232,"column":40},"end":{"line":232,"column":44}}],"line":232},"34":{"loc":{"start":{"line":245,"column":18},"end":{"line":245,"column":29}},"type":"default-arg","locations":[{"start":{"line":245,"column":27},"end":{"line":245,"column":29}}],"line":245},"35":{"loc":{"start":{"line":247,"column":16},"end":{"line":247,"column":69}},"type":"cond-expr","locations":[{"start":{"line":247,"column":30},"end":{"line":247,"column":58}},{"start":{"line":247,"column":61},"end":{"line":247,"column":69}}],"line":247},"36":{"loc":{"start":{"line":251,"column":19},"end":{"line":251,"column":28}},"type":"default-arg","locations":[{"start":{"line":251,"column":26},"end":{"line":251,"column":28}}],"line":251},"37":{"loc":{"start":{"line":270,"column":18},"end":{"line":270,"column":27}},"type":"default-arg","locations":[{"start":{"line":270,"column":25},"end":{"line":270,"column":27}}],"line":270},"38":{"loc":{"start":{"line":276,"column":20},"end":{"line":276,"column":29}},"type":"default-arg","locations":[{"start":{"line":276,"column":27},"end":{"line":276,"column":29}}],"line":276}},"s":{"0":2,"1":2,"2":2,"3":1,"4":0,"5":0,"6":0,"7":1,"8":15,"9":5,"10":1,"11":1,"12":1,"13":1,"14":0,"15":0,"16":0,"17":0,"18":0,"19":0,"20":0,"21":0,"22":0,"23":0,"24":0,"25":15,"26":15,"27":15,"28":14,"29":15,"30":15,"31":4,"32":15,"33":15,"34":0,"35":15,"36":15,"37":14,"38":14,"39":3,"40":3,"41":3,"42":1,"43":2,"44":1,"45":1,"46":12,"47":12,"48":11,"49":1,"50":12,"51":4,"52":4,"53":4,"54":1,"55":3,"56":4,"57":8,"58":6,"59":6,"60":0,"61":6,"62":5,"63":1,"64":2,"65":2,"66":1,"67":1,"68":0,"69":0,"70":1,"71":1,"72":1,"73":1,"74":1,"75":0,"76":0,"77":1,"78":1,"79":1,"80":1,"81":1,"82":1,"83":1,"84":0,"85":0,"86":0,"87":0,"88":1,"89":14,"90":14,"91":14,"92":14,"93":2,"94":8,"95":8,"96":8,"97":3,"98":1,"99":1,"100":1,"101":0,"102":1,"103":1},"f":{"0":1,"1":0,"2":15,"3":5,"4":1,"5":1,"6":0,"7":0,"8":15,"9":0,"10":2,"11":0,"12":14,"13":8,"14":3,"15":1,"16":0,"17":1,"18":1},"b":{"0":[0],"1":[0,0],"2":[0,0],"3":[0,0],"4":[0,0],"5":[0,0],"6":[0,0],"7":[0,0],"8":[0],"9":[14,1],"10":[4,11],"11":[15,15],"12":[3,11],"13":[14,3],"14":[2,1],"15":[1,2],"16":[1,1],"17":[11,1],"18":[12,12],"19":[4,8],"20":[4,1],"21":[4,3,3,0],"22":[1,3],"23":[3,0,0],"24":[0,0],"25":[0,0],"26":[0,6],"27":[5,1],"28":[1,1],"29":[0,1],"30":[0,1],"31":[1,0],"32":[1,0],"33":[14],"34":[7],"35":[1,7],"36":[0],"37":[0],"38":[0]},"_coverageSchema":"1a1c01bbd47fc00a2c39e90264f33305004495a9","hash":"b4b57ce9f665c856eacb78db11cb5c7bf3770e1b"}
,"E:\\Djanog test\\Restaurant Pos System\\mobile\\src\\utils\\data.js": {"path":"E:\\Djanog test\\Restaurant Pos System\\mobile\\src\\utils\\data.js","statementMap":{"0":{"start":{"line":5,"column":22},"end":{"line":17,"column":1}},"1":{"start":{"line":7,"column":2},"end":{"line":7,"column":45}},"2":{"start":{"line":7,"column":30},"end":{"line":7,"column":45}},"3":{"start":{"line":8,"column":2},"end":{"line":8,"column":57}},"4":{"start":{"line":8,"column":47},"end":{"line":8,"column":57}},"5":{"start":{"line":10,"column":2},"end":{"line":10,"column":61}},"6":{"start":{"line":10,"column":38},"end":{"line":10,"column":61}},"7":{"start":{"line":12,"column":2},"end":{"line":12,"column":55}},"8":{"start":{"line":12,"column":35},"end":{"line":12,"column":55}},"9":{"start":{"line":13,"column":2},"end":{"line":13,"column":67}},"10":{"start":{"line":13,"column":41},"end":{"line":13,"column":67}},"11":{"start":{"line":14,"column":2},"end":{"line":14,"column":57}},"12":{"start":{"line":14,"column":36},"end":{"line":14,"column":57}},"13":{"start":{"line":16,"column":2},"end":{"line":16,"column":12}},"14":{"start":{"line":19,"column":24},"end":{"line":22,"column":21}},"15":{"start":{"line":20,"column":2},"end":{"line":22,"column":21}}},"fnMap":{"0":{"name":"(anonymous_0)","decl":{"start":{"line":5,"column":22},"end":{"line":5,"column":23}},"loc":{"start":{"line":5,"column":35},"end":{"line":17,"column":1}},"line":5},"1":{"name":"(anonymous_1)","decl":{"start":{"line":19,"column":24},"end":{"line":19,"column":25}},"loc":{"start":{"line":20,"column":2},"end":{"line":22,"column":21}},"line":20}},"branchMap":{"0":{"loc":{"start":{"line":7,"column":2},"end":{"line":7,"column":45}},"type":"if","locations":[{"start":{"line":7,"column":2},"end":{"line":7,"column":45}},{"start":{},"end":{}}],"line":7},"1":{"loc":{"start":{"line":8,"column":2},"end":{"line":8,"column":57}},"type":"if","locations":[{"start":{"line":8,"column":2},"end":{"line":8,"column":57}},{"start":{},"end":{}}],"line":8},"2":{"loc":{"start":{"line":8,"column":6},"end":{"line":8,"column":45}},"type":"binary-expr","locations":[{"start":{"line":8,"column":6},"end":{"line":8,"column":14}},{"start":{"line":8,"column":18},"end":{"line":8,"column":45}}],"line":8},"3":{"loc":{"start":{"line":10,"column":2},"end":{"line":10,"column":61}},"type":"if","locations":[{"start":{"line":10,"column":2},"end":{"line":10,"column":61}},{"start":{},"end":{}}],"line":10},"4":{"loc":{"start":{"line":12,"column":2},"end":{"line":12,"column":55}},"type":"if","locations":[{"start":{"line":12,"column":2},"end":{"line":12,"column":55}},{"start":{},"end":{}}],"line":12},"5":{"loc":{"start":{"line":13,"column":2},"end":{"line":13,"column":67}},"type":"if","locations":[{"start":{"line":13,"column":2},"end":{"line":13,"column":67}},{"start":{},"end":{}}],"line":13},"6":{"loc":{"start":{"line":14,"column":2},"end":{"line":14,"column":57}},"type":"if","locations":[{"start":{"line":14,"column":2},"end":{"line":14,"column":57}},{"start":{},"end":{}}],"line":14},"7":{"loc":{"start":{"line":20,"column":2},"end":{"line":22,"column":21}},"type":"cond-expr","locations":[{"start":{"line":21,"column":6},"end":{"line":21,"column":18}},{"start":{"line":22,"column":7},"end":{"line":22,"column":20}}],"line":20},"8":{"loc":{"start":{"line":20,"column":3},"end":{"line":20,"column":84}},"type":"binary-expr","locations":[{"start":{"line":20,"column":3},"end":{"line":20,"column":16}},{"start":{"line":20,"column":20},"end":{"line":20,"column":52}},{"start":{"line":20,"column":56},"end":{"line":20,"column":84}}],"line":20},"9":{"loc":{"start":{"line":22,"column":7},"end":{"line":22,"column":20}},"type":"binary-expr","locations":[{"start":{"line":22,"column":7},"end":{"line":22,"column":14}},{"start":{"line":22,"column":18},"end":{"line":22,"column":20}}],"line":22}},"s":{"0":1,"1":10,"2":1,"3":9,"4":4,"5":5,"6":1,"7":4,"8":1,"9":3,"10":1,"11":2,"12":1,"13":1,"14":1,"15":5},"f":{"0":10,"1":5},"b":{"0":[1,9],"1":[4,5],"2":[9,7],"3":[1,4],"4":[1,3],"5":[1,2],"6":[1,1],"7":[1,4],"8":[5,2,2],"9":[4,2]},"_coverageSchema":"1a1c01bbd47fc00a2c39e90264f33305004495a9","hash":"610e0e58ffc1741f4b1723c199353750b1790c0e"}
}
