{"E:\\Djanog test\\Restaurant Pos System\\mobile\\src\\constants\\colors.js": {"path":"E:\\Djanog test\\Restaurant Pos System\\mobile\\src\\constants\\colors.js","statementMap":{"0":{"start":{"line":2,"column":22},"end":{"line":52,"column":1}},"1":{"start":{"line":54,"column":23},"end":{"line":60,"column":1}},"2":{"start":{"line":62,"column":22},"end":{"line":68,"column":1}},"3":{"start":{"line":71,"column":22},"end":{"line":88,"column":1}}},"fnMap":{},"branchMap":{},"s":{"0":1,"1":1,"2":1,"3":1},"f":{},"b":{},"_coverageSchema":"1a1c01bbd47fc00a2c39e90264f33305004495a9","hash":"563e561dcbf4409f31b405c3156e831a769fbc97"}
,"E:\\Djanog test\\Restaurant Pos System\\mobile\\src\\constants\\config.js": {"path":"E:\\Djanog test\\Restaurant Pos System\\mobile\\src\\constants\\config.js","statementMap":{"0":{"start":{"line":8,"column":28},"end":{"line":8,"column":56}},"1":{"start":{"line":15,"column":27},"end":{"line":15,"column":31}},"2":{"start":{"line":16,"column":26},"end":{"line":16,"column":47}},"3":{"start":{"line":19,"column":27},"end":{"line":19,"column":70}},"4":{"start":{"line":22,"column":32},"end":{"line":22,"column":46}},"5":{"start":{"line":23,"column":33},"end":{"line":23,"column":48}},"6":{"start":{"line":24,"column":35},"end":{"line":24,"column":52}},"7":{"start":{"line":27,"column":31},"end":{"line":27,"column":36}},"8":{"start":{"line":30,"column":33},"end":{"line":30,"column":35}},"9":{"start":{"line":33,"column":26},"end":{"line":33,"column":28}}},"fnMap":{},"branchMap":{},"s":{"0":1,"1":1,"2":1,"3":1,"4":1,"5":1,"6":1,"7":1,"8":1,"9":1},"f":{},"b":{},"_coverageSchema":"1a1c01bbd47fc00a2c39e90264f33305004495a9","hash":"d313c62b51f3fd370a3c8b22ae212eb1abf356d8"}
,"E:\\Djanog test\\Restaurant Pos System\\mobile\\src\\screens\\auth\\LoginScreen.js": {"path":"E:\\Djanog test\\Restaurant Pos System\\mobile\\src\\screens\\auth\\LoginScreen.js","statementMap":{"0":{"start":{"line":11,"column":34},"end":{"line":11,"column":46}},"1":{"start":{"line":12,"column":34},"end":{"line":12,"column":46}},"2":{"start":{"line":13,"column":42},"end":{"line":13,"column":57}},"3":{"start":{"line":14,"column":32},"end":{"line":14,"column":47}},"4":{"start":{"line":15,"column":20},"end":{"line":15,"column":29}},"5":{"start":{"line":17,"column":22},"end":{"line":31,"column":3}},"6":{"start":{"line":18,"column":4},"end":{"line":21,"column":5}},"7":{"start":{"line":19,"column":6},"end":{"line":19,"column":71}},"8":{"start":{"line":20,"column":6},"end":{"line":20,"column":13}},"9":{"start":{"line":22,"column":4},"end":{"line":22,"column":21}},"10":{"start":{"line":23,"column":4},"end":{"line":30,"column":5}},"11":{"start":{"line":25,"column":6},"end":{"line":25,"column":45}},"12":{"start":{"line":27,"column":6},"end":{"line":27,"column":75}},"13":{"start":{"line":29,"column":6},"end":{"line":29,"column":24}},"14":{"start":{"line":33,"column":2},"end":{"line":128,"column":4}},"15":{"start":{"line":82,"column":31},"end":{"line":82,"column":61}},"16":{"start":{"line":119,"column":27},"end":{"line":119,"column":56}},"17":{"start":{"line":131,"column":15},"end":{"line":265,"column":2}}},"fnMap":{"0":{"name":"LoginScreen","decl":{"start":{"line":10,"column":24},"end":{"line":10,"column":35}},"loc":{"start":{"line":10,"column":52},"end":{"line":129,"column":1}},"line":10},"1":{"name":"(anonymous_1)","decl":{"start":{"line":17,"column":22},"end":{"line":17,"column":23}},"loc":{"start":{"line":17,"column":34},"end":{"line":31,"column":3}},"line":17},"2":{"name":"(anonymous_2)","decl":{"start":{"line":82,"column":25},"end":{"line":82,"column":26}},"loc":{"start":{"line":82,"column":31},"end":{"line":82,"column":61}},"line":82},"3":{"name":"(anonymous_3)","decl":{"start":{"line":119,"column":21},"end":{"line":119,"column":22}},"loc":{"start":{"line":119,"column":27},"end":{"line":119,"column":56}},"line":119}},"branchMap":{"0":{"loc":{"start":{"line":18,"column":4},"end":{"line":21,"column":5}},"type":"if","locations":[{"start":{"line":18,"column":4},"end":{"line":21,"column":5}},{"start":{},"end":{}}],"line":18},"1":{"loc":{"start":{"line":18,"column":8},"end":{"line":18,"column":37}},"type":"binary-expr","locations":[{"start":{"line":18,"column":8},"end":{"line":18,"column":24}},{"start":{"line":18,"column":28},"end":{"line":18,"column":37}}],"line":18},"2":{"loc":{"start":{"line":27,"column":34},"end":{"line":27,"column":73}},"type":"binary-expr","locations":[{"start":{"line":27,"column":34},"end":{"line":27,"column":47}},{"start":{"line":27,"column":51},"end":{"line":27,"column":73}}],"line":27},"3":{"loc":{"start":{"line":36,"column":16},"end":{"line":36,"column":60}},"type":"cond-expr","locations":[{"start":{"line":36,"column":40},"end":{"line":36,"column":49}},{"start":{"line":36,"column":52},"end":{"line":36,"column":60}}],"line":36},"4":{"loc":{"start":{"line":85,"column":24},"end":{"line":85,"column":72}},"type":"cond-expr","locations":[{"start":{"line":85,"column":39},"end":{"line":85,"column":56}},{"start":{"line":85,"column":59},"end":{"line":85,"column":72}}],"line":85},"5":{"loc":{"start":{"line":94,"column":40},"end":{"line":94,"column":77}},"type":"binary-expr","locations":[{"start":{"line":94,"column":40},"end":{"line":94,"column":47}},{"start":{"line":94,"column":51},"end":{"line":94,"column":77}}],"line":94},"6":{"loc":{"start":{"line":99,"column":13},"end":{"line":103,"column":13}},"type":"cond-expr","locations":[{"start":{"line":100,"column":14},"end":{"line":100,"column":61}},{"start":{"line":102,"column":14},"end":{"line":102,"column":93}}],"line":99},"7":{"loc":{"start":{"line":105,"column":15},"end":{"line":105,"column":52}},"type":"cond-expr","locations":[{"start":{"line":105,"column":25},"end":{"line":105,"column":40}},{"start":{"line":105,"column":43},"end":{"line":105,"column":52}}],"line":105}},"s":{"0":14,"1":14,"2":14,"3":14,"4":14,"5":14,"6":2,"7":0,"8":0,"9":2,"10":2,"11":2,"12":1,"13":2,"14":14,"15":0,"16":0,"17":1},"f":{"0":14,"1":2,"2":0,"3":0},"b":{"0":[0,2],"1":[2,2],"2":[1,0],"3":[0,14],"4":[0,14],"5":[14,2],"6":[2,12],"7":[2,12]},"_coverageSchema":"1a1c01bbd47fc00a2c39e90264f33305004495a9","hash":"aa017f6c3db73fb2bcb02bcf6cd4d858035487e8"}
,"E:\\Djanog test\\Restaurant Pos System\\mobile\\src\\services\\apiClient.js": {"path":"E:\\Djanog test\\Restaurant Pos System\\mobile\\src\\services\\apiClient.js","statementMap":{"0":{"start":{"line":11,"column":19},"end":{"line":11,"column":24}},"1":{"start":{"line":12,"column":18},"end":{"line":12,"column":20}},"2":{"start":{"line":14,"column":21},"end":{"line":23,"column":1}},"3":{"start":{"line":15,"column":2},"end":{"line":21,"column":5}},"4":{"start":{"line":16,"column":4},"end":{"line":20,"column":5}},"5":{"start":{"line":17,"column":6},"end":{"line":17,"column":25}},"6":{"start":{"line":19,"column":6},"end":{"line":19,"column":26}},"7":{"start":{"line":22,"column":2},"end":{"line":22,"column":19}},"8":{"start":{"line":26,"column":2},"end":{"line":26,"column":52}},"9":{"start":{"line":30,"column":2},"end":{"line":30,"column":53}},"10":{"start":{"line":34,"column":2},"end":{"line":34,"column":59}},"11":{"start":{"line":35,"column":2},"end":{"line":35,"column":61}},"12":{"start":{"line":39,"column":2},"end":{"line":39,"column":54}},"13":{"start":{"line":40,"column":2},"end":{"line":40,"column":55}},"14":{"start":{"line":50,"column":2},"end":{"line":50,"column":53}},"15":{"start":{"line":50,"column":41},"end":{"line":50,"column":53}},"16":{"start":{"line":51,"column":16},"end":{"line":51,"column":18}},"17":{"start":{"line":52,"column":15},"end":{"line":60,"column":3}},"18":{"start":{"line":53,"column":4},"end":{"line":59,"column":5}},"19":{"start":{"line":54,"column":6},"end":{"line":54,"column":26}},"20":{"start":{"line":55,"column":11},"end":{"line":59,"column":5}},"21":{"start":{"line":56,"column":6},"end":{"line":56,"column":41}},"22":{"start":{"line":58,"column":6},"end":{"line":58,"column":32}},"23":{"start":{"line":61,"column":2},"end":{"line":61,"column":13}},"24":{"start":{"line":62,"column":2},"end":{"line":62,"column":48}},"25":{"start":{"line":69,"column":14},"end":{"line":69,"column":42}},"26":{"start":{"line":71,"column":18},"end":{"line":74,"column":3}},"27":{"start":{"line":76,"column":2},"end":{"line":78,"column":3}},"28":{"start":{"line":77,"column":4},"end":{"line":77,"column":49}},"29":{"start":{"line":81,"column":16},"end":{"line":81,"column":38}},"30":{"start":{"line":82,"column":2},"end":{"line":84,"column":3}},"31":{"start":{"line":83,"column":4},"end":{"line":83,"column":49}},"32":{"start":{"line":86,"column":21},"end":{"line":86,"column":42}},"33":{"start":{"line":87,"column":20},"end":{"line":87,"column":92}},"34":{"start":{"line":87,"column":37},"end":{"line":87,"column":55}},"35":{"start":{"line":89,"column":2},"end":{"line":167,"column":3}},"36":{"start":{"line":90,"column":21},"end":{"line":94,"column":6}},"37":{"start":{"line":96,"column":4},"end":{"line":96,"column":28}},"38":{"start":{"line":99,"column":4},"end":{"line":115,"column":5}},"39":{"start":{"line":102,"column":25},"end":{"line":102,"column":52}},"40":{"start":{"line":103,"column":28},"end":{"line":103,"column":72}},"41":{"start":{"line":104,"column":6},"end":{"line":107,"column":7}},"42":{"start":{"line":106,"column":8},"end":{"line":106,"column":68}},"43":{"start":{"line":108,"column":6},"end":{"line":112,"column":7}},"44":{"start":{"line":110,"column":8},"end":{"line":110,"column":28}},"45":{"start":{"line":111,"column":8},"end":{"line":111,"column":73}},"46":{"start":{"line":119,"column":24},"end":{"line":119,"column":60}},"47":{"start":{"line":120,"column":4},"end":{"line":124,"column":5}},"48":{"start":{"line":121,"column":6},"end":{"line":121,"column":35}},"49":{"start":{"line":123,"column":6},"end":{"line":123,"column":35}},"50":{"start":{"line":126,"column":4},"end":{"line":152,"column":5}},"51":{"start":{"line":132,"column":21},"end":{"line":132,"column":67}},"52":{"start":{"line":134,"column":8},"end":{"line":136,"column":77}},"53":{"start":{"line":139,"column":6},"end":{"line":150,"column":7}},"54":{"start":{"line":140,"column":8},"end":{"line":142,"column":53}},"55":{"start":{"line":144,"column":8},"end":{"line":149,"column":80}},"56":{"start":{"line":151,"column":6},"end":{"line":151,"column":65}},"57":{"start":{"line":154,"column":4},"end":{"line":154,"column":16}},"58":{"start":{"line":156,"column":4},"end":{"line":156,"column":28}},"59":{"start":{"line":158,"column":4},"end":{"line":160,"column":5}},"60":{"start":{"line":159,"column":6},"end":{"line":159,"column":82}},"61":{"start":{"line":162,"column":4},"end":{"line":164,"column":5}},"62":{"start":{"line":163,"column":6},"end":{"line":163,"column":18}},"63":{"start":{"line":166,"column":4},"end":{"line":166,"column":74}},"64":{"start":{"line":177,"column":23},"end":{"line":177,"column":46}},"65":{"start":{"line":178,"column":2},"end":{"line":178,"column":34}},"66":{"start":{"line":178,"column":21},"end":{"line":178,"column":34}},"67":{"start":{"line":181,"column":2},"end":{"line":185,"column":3}},"68":{"start":{"line":182,"column":4},"end":{"line":184,"column":7}},"69":{"start":{"line":183,"column":6},"end":{"line":183,"column":44}},"70":{"start":{"line":187,"column":2},"end":{"line":187,"column":22}},"71":{"start":{"line":189,"column":2},"end":{"line":224,"column":3}},"72":{"start":{"line":190,"column":16},"end":{"line":190,"column":60}},"73":{"start":{"line":191,"column":21},"end":{"line":198,"column":6}},"74":{"start":{"line":200,"column":4},"end":{"line":203,"column":5}},"75":{"start":{"line":201,"column":6},"end":{"line":201,"column":48}},"76":{"start":{"line":202,"column":6},"end":{"line":202,"column":19}},"77":{"start":{"line":207,"column":17},"end":{"line":207,"column":38}},"78":{"start":{"line":208,"column":22},"end":{"line":208,"column":34}},"79":{"start":{"line":209,"column":23},"end":{"line":209,"column":52}},"80":{"start":{"line":211,"column":4},"end":{"line":215,"column":5}},"81":{"start":{"line":212,"column":6},"end":{"line":212,"column":45}},"82":{"start":{"line":213,"column":6},"end":{"line":213,"column":36}},"83":{"start":{"line":214,"column":6},"end":{"line":214,"column":18}},"84":{"start":{"line":217,"column":4},"end":{"line":217,"column":46}},"85":{"start":{"line":218,"column":4},"end":{"line":218,"column":17}},"86":{"start":{"line":220,"column":4},"end":{"line":220,"column":20}},"87":{"start":{"line":221,"column":4},"end":{"line":221,"column":17}},"88":{"start":{"line":223,"column":4},"end":{"line":223,"column":25}},"89":{"start":{"line":233,"column":4},"end":{"line":233,"column":19}},"90":{"start":{"line":234,"column":4},"end":{"line":234,"column":27}},"91":{"start":{"line":235,"column":4},"end":{"line":235,"column":25}},"92":{"start":{"line":236,"column":4},"end":{"line":236,"column":25}},"93":{"start":{"line":244,"column":19},"end":{"line":284,"column":1}},"94":{"start":{"line":246,"column":24},"end":{"line":246,"column":62}},"95":{"start":{"line":247,"column":16},"end":{"line":247,"column":69}},"96":{"start":{"line":248,"column":4},"end":{"line":248,"column":46}},"97":{"start":{"line":252,"column":4},"end":{"line":255,"column":6}},"98":{"start":{"line":260,"column":20},"end":{"line":260,"column":22}},"99":{"start":{"line":261,"column":4},"end":{"line":261,"column":35}},"100":{"start":{"line":262,"column":4},"end":{"line":267,"column":7}},"101":{"start":{"line":271,"column":4},"end":{"line":274,"column":6}},"102":{"start":{"line":277,"column":4},"end":{"line":280,"column":6}},"103":{"start":{"line":283,"column":4},"end":{"line":283,"column":46}}},"fnMap":{"0":{"name":"(anonymous_0)","decl":{"start":{"line":14,"column":21},"end":{"line":14,"column":22}},"loc":{"start":{"line":14,"column":46},"end":{"line":23,"column":1}},"line":14},"1":{"name":"(anonymous_1)","decl":{"start":{"line":15,"column":22},"end":{"line":15,"column":23}},"loc":{"start":{"line":15,"column":32},"end":{"line":21,"column":3}},"line":15},"2":{"name":"getAccessToken","decl":{"start":{"line":25,"column":15},"end":{"line":25,"column":29}},"loc":{"start":{"line":25,"column":32},"end":{"line":27,"column":1}},"line":25},"3":{"name":"getRefreshToken","decl":{"start":{"line":29,"column":15},"end":{"line":29,"column":30}},"loc":{"start":{"line":29,"column":33},"end":{"line":31,"column":1}},"line":29},"4":{"name":"setTokens","decl":{"start":{"line":33,"column":15},"end":{"line":33,"column":24}},"loc":{"start":{"line":33,"column":42},"end":{"line":36,"column":1}},"line":33},"5":{"name":"clearTokens","decl":{"start":{"line":38,"column":15},"end":{"line":38,"column":26}},"loc":{"start":{"line":38,"column":29},"end":{"line":41,"column":1}},"line":38},"6":{"name":"extractDrfMessage","decl":{"start":{"line":49,"column":9},"end":{"line":49,"column":26}},"loc":{"start":{"line":49,"column":33},"end":{"line":63,"column":1}},"line":49},"7":{"name":"(anonymous_7)","decl":{"start":{"line":52,"column":15},"end":{"line":52,"column":16}},"loc":{"start":{"line":52,"column":26},"end":{"line":60,"column":3}},"line":52},"8":{"name":"apiRequest","decl":{"start":{"line":68,"column":15},"end":{"line":68,"column":25}},"loc":{"start":{"line":68,"column":50},"end":{"line":168,"column":1}},"line":68},"9":{"name":"(anonymous_9)","decl":{"start":{"line":87,"column":31},"end":{"line":87,"column":32}},"loc":{"start":{"line":87,"column":37},"end":{"line":87,"column":55}},"line":87},"10":{"name":"tryRefreshToken","decl":{"start":{"line":176,"column":15},"end":{"line":176,"column":30}},"loc":{"start":{"line":176,"column":33},"end":{"line":225,"column":1}},"line":176},"11":{"name":"(anonymous_11)","decl":{"start":{"line":182,"column":23},"end":{"line":182,"column":24}},"loc":{"start":{"line":182,"column":44},"end":{"line":184,"column":5}},"line":182},"12":{"name":"(anonymous_12)","decl":{"start":{"line":232,"column":2},"end":{"line":232,"column":3}},"loc":{"start":{"line":232,"column":46},"end":{"line":237,"column":3}},"line":232},"13":{"name":"(anonymous_13)","decl":{"start":{"line":245,"column":7},"end":{"line":245,"column":8}},"loc":{"start":{"line":245,"column":34},"end":{"line":249,"column":3}},"line":245},"14":{"name":"(anonymous_14)","decl":{"start":{"line":251,"column":8},"end":{"line":251,"column":9}},"loc":{"start":{"line":252,"column":4},"end":{"line":255,"column":6}},"line":252},"15":{"name":"(anonymous_15)","decl":{"start":{"line":259,"column":10},"end":{"line":259,"column":11}},"loc":{"start":{"line":259,"column":34},"end":{"line":268,"column":3}},"line":259},"16":{"name":"(anonymous_16)","decl":{"start":{"line":270,"column":7},"end":{"line":270,"column":8}},"loc":{"start":{"line":271,"column":4},"end":{"line":274,"column":6}},"line":271},"17":{"name":"(anonymous_17)","decl":{"start":{"line":276,"column":9},"end":{"line":276,"column":10}},"loc":{"start":{"line":277,"column":4},"end":{"line":280,"column":6}},"line":277},"18":{"name":"(anonymous_18)","decl":{"start":{"line":282,"column":10},"end":{"line":282,"column":11}},"loc":{"start":{"line":283,"column":4},"end":{"line":283,"column":46}},"line":283}},"branchMap":{"0":{"loc":{"start":{"line":14,"column":29},"end":{"line":14,"column":41}},"type":"default-arg","locations":[{"start":{"line":14,"column":37},"end":{"line":14,"column":41}}],"line":14},"1":{"loc":{"start":{"line":16,"column":4},"end":{"line":20,"column":5}},"type":"if","locations":[{"start":{"line":16,"column":4},"end":{"line":20,"column":5}},{"start":{"line":18,"column":11},"end":{"line":20,"column":5}}],"line":16},"2":{"loc":{"start":{"line":50,"column":2},"end":{"line":50,"column":53}},"type":"if","locations":[{"start":{"line":50,"column":2},"end":{"line":50,"column":53}},{"start":{},"end":{}}],"line":50},"3":{"loc":{"start":{"line":50,"column":6},"end":{"line":50,"column":39}},"type":"binary-expr","locations":[{"start":{"line":50,"column":6},"end":{"line":50,"column":11}},{"start":{"line":50,"column":15},"end":{"line":50,"column":39}}],"line":50},"4":{"loc":{"start":{"line":53,"column":4},"end":{"line":59,"column":5}},"type":"if","locations":[{"start":{"line":53,"column":4},"end":{"line":59,"column":5}},{"start":{"line":55,"column":11},"end":{"line":59,"column":5}}],"line":53},"5":{"loc":{"start":{"line":55,"column":11},"end":{"line":59,"column":5}},"type":"if","locations":[{"start":{"line":55,"column":11},"end":{"line":59,"column":5}},{"start":{"line":57,"column":11},"end":{"line":59,"column":5}}],"line":55},"6":{"loc":{"start":{"line":55,"column":15},"end":{"line":55,"column":49}},"type":"binary-expr","locations":[{"start":{"line":55,"column":15},"end":{"line":55,"column":20}},{"start":{"line":55,"column":24},"end":{"line":55,"column":49}}],"line":55},"7":{"loc":{"start":{"line":62,"column":9},"end":{"line":62,"column":47}},"type":"cond-expr","locations":[{"start":{"line":62,"column":24},"end":{"line":62,"column":40}},{"start":{"line":62,"column":43},"end":{"line":62,"column":47}}],"line":62},"8":{"loc":{"start":{"line":68,"column":36},"end":{"line":68,"column":48}},"type":"default-arg","locations":[{"start":{"line":68,"column":46},"end":{"line":68,"column":48}}],"line":68},"9":{"loc":{"start":{"line":76,"column":2},"end":{"line":78,"column":3}},"type":"if","locations":[{"start":{"line":76,"column":2},"end":{"line":78,"column":3}},{"start":{},"end":{}}],"line":76},"10":{"loc":{"start":{"line":82,"column":2},"end":{"line":84,"column":3}},"type":"if","locations":[{"start":{"line":82,"column":2},"end":{"line":84,"column":3}},{"start":{},"end":{}}],"line":82},"11":{"loc":{"start":{"line":87,"column":57},"end":{"line":87,"column":91}},"type":"binary-expr","locations":[{"start":{"line":87,"column":57},"end":{"line":87,"column":72}},{"start":{"line":87,"column":76},"end":{"line":87,"column":91}}],"line":87},"12":{"loc":{"start":{"line":99,"column":4},"end":{"line":115,"column":5}},"type":"if","locations":[{"start":{"line":99,"column":4},"end":{"line":115,"column":5}},{"start":{},"end":{}}],"line":99},"13":{"loc":{"start":{"line":99,"column":8},"end":{"line":99,"column":52}},"type":"binary-expr","locations":[{"start":{"line":99,"column":8},"end":{"line":99,"column":31}},{"start":{"line":99,"column":35},"end":{"line":99,"column":52}}],"line":99},"14":{"loc":{"start":{"line":103,"column":28},"end":{"line":103,"column":72}},"type":"cond-expr","locations":[{"start":{"line":103,"column":41},"end":{"line":103,"column":64}},{"start":{"line":103,"column":67},"end":{"line":103,"column":72}}],"line":103},"15":{"loc":{"start":{"line":104,"column":6},"end":{"line":107,"column":7}},"type":"if","locations":[{"start":{"line":104,"column":6},"end":{"line":107,"column":7}},{"start":{},"end":{}}],"line":104},"16":{"loc":{"start":{"line":108,"column":6},"end":{"line":112,"column":7}},"type":"if","locations":[{"start":{"line":108,"column":6},"end":{"line":112,"column":7}},{"start":{},"end":{}}],"line":108},"17":{"loc":{"start":{"line":120,"column":4},"end":{"line":124,"column":5}},"type":"if","locations":[{"start":{"line":120,"column":4},"end":{"line":124,"column":5}},{"start":{"line":122,"column":11},"end":{"line":124,"column":5}}],"line":120},"18":{"loc":{"start":{"line":120,"column":8},"end":{"line":120,"column":63}},"type":"binary-expr","locations":[{"start":{"line":120,"column":8},"end":{"line":120,"column":19}},{"start":{"line":120,"column":23},"end":{"line":120,"column":63}}],"line":120},"19":{"loc":{"start":{"line":126,"column":4},"end":{"line":152,"column":5}},"type":"if","locations":[{"start":{"line":126,"column":4},"end":{"line":152,"column":5}},{"start":{},"end":{}}],"line":126},"20":{"loc":{"start":{"line":132,"column":21},"end":{"line":132,"column":67}},"type":"binary-expr","locations":[{"start":{"line":132,"column":21},"end":{"line":132,"column":45}},{"start":{"line":132,"column":49},"end":{"line":132,"column":67}}],"line":132},"21":{"loc":{"start":{"line":134,"column":8},"end":{"line":136,"column":77}},"type":"binary-expr","locations":[{"start":{"line":134,"column":8},"end":{"line":134,"column":31}},{"start":{"line":135,"column":8},"end":{"line":135,"column":31}},{"start":{"line":136,"column":9},"end":{"line":136,"column":15}},{"start":{"line":136,"column":19},"end":{"line":136,"column":76}}],"line":134},"22":{"loc":{"start":{"line":139,"column":6},"end":{"line":150,"column":7}},"type":"if","locations":[{"start":{"line":139,"column":6},"end":{"line":150,"column":7}},{"start":{"line":143,"column":13},"end":{"line":150,"column":7}}],"line":139},"23":{"loc":{"start":{"line":145,"column":10},"end":{"line":149,"column":79}},"type":"binary-expr","locations":[{"start":{"line":145,"column":10},"end":{"line":145,"column":23}},{"start":{"line":146,"column":10},"end":{"line":146,"column":22}},{"start":{"line":147,"column":11},"end":{"line":149,"column":78}}],"line":145},"24":{"loc":{"start":{"line":147,"column":11},"end":{"line":149,"column":78}},"type":"cond-expr","locations":[{"start":{"line":148,"column":14},"end":{"line":148,"column":18}},{"start":{"line":149,"column":14},"end":{"line":149,"column":78}}],"line":147},"25":{"loc":{"start":{"line":149,"column":14},"end":{"line":149,"column":78}},"type":"binary-expr","locations":[{"start":{"line":149,"column":14},"end":{"line":149,"column":37}},{"start":{"line":149,"column":41},"end":{"line":149,"column":78}}],"line":149},"26":{"loc":{"start":{"line":158,"column":4},"end":{"line":160,"column":5}},"type":"if","locations":[{"start":{"line":158,"column":4},"end":{"line":160,"column":5}},{"start":{},"end":{}}],"line":158},"27":{"loc":{"start":{"line":162,"column":4},"end":{"line":164,"column":5}},"type":"if","locations":[{"start":{"line":162,"column":4},"end":{"line":164,"column":5}},{"start":{},"end":{}}],"line":162},"28":{"loc":{"start":{"line":178,"column":2},"end":{"line":178,"column":34}},"type":"if","locations":[{"start":{"line":178,"column":2},"end":{"line":178,"column":34}},{"start":{},"end":{}}],"line":178},"29":{"loc":{"start":{"line":181,"column":2},"end":{"line":185,"column":3}},"type":"if","locations":[{"start":{"line":181,"column":2},"end":{"line":185,"column":3}},{"start":{},"end":{}}],"line":181},"30":{"loc":{"start":{"line":200,"column":4},"end":{"line":203,"column":5}},"type":"if","locations":[{"start":{"line":200,"column":4},"end":{"line":203,"column":5}},{"start":{},"end":{}}],"line":200},"31":{"loc":{"start":{"line":209,"column":23},"end":{"line":209,"column":52}},"type":"binary-expr","locations":[{"start":{"line":209,"column":23},"end":{"line":209,"column":36}},{"start":{"line":209,"column":40},"end":{"line":209,"column":52}}],"line":209},"32":{"loc":{"start":{"line":211,"column":4},"end":{"line":215,"column":5}},"type":"if","locations":[{"start":{"line":211,"column":4},"end":{"line":215,"column":5}},{"start":{},"end":{}}],"line":211},"33":{"loc":{"start":{"line":232,"column":31},"end":{"line":232,"column":44}},"type":"default-arg","locations":[{"start":{"line":232,"column":40},"end":{"line":232,"column":44}}],"line":232},"34":{"loc":{"start":{"line":245,"column":18},"end":{"line":245,"column":29}},"type":"default-arg","locations":[{"start":{"line":245,"column":27},"end":{"line":245,"column":29}}],"line":245},"35":{"loc":{"start":{"line":247,"column":16},"end":{"line":247,"column":69}},"type":"cond-expr","locations":[{"start":{"line":247,"column":30},"end":{"line":247,"column":58}},{"start":{"line":247,"column":61},"end":{"line":247,"column":69}}],"line":247},"36":{"loc":{"start":{"line":251,"column":19},"end":{"line":251,"column":28}},"type":"default-arg","locations":[{"start":{"line":251,"column":26},"end":{"line":251,"column":28}}],"line":251},"37":{"loc":{"start":{"line":270,"column":18},"end":{"line":270,"column":27}},"type":"default-arg","locations":[{"start":{"line":270,"column":25},"end":{"line":270,"column":27}}],"line":270},"38":{"loc":{"start":{"line":276,"column":20},"end":{"line":276,"column":29}},"type":"default-arg","locations":[{"start":{"line":276,"column":27},"end":{"line":276,"column":29}}],"line":276}},"s":{"0":1,"1":1,"2":1,"3":1,"4":0,"5":0,"6":0,"7":1,"8":15,"9":5,"10":1,"11":1,"12":1,"13":1,"14":0,"15":0,"16":0,"17":0,"18":0,"19":0,"20":0,"21":0,"22":0,"23":0,"24":0,"25":15,"26":15,"27":15,"28":14,"29":15,"30":15,"31":4,"32":15,"33":15,"34":0,"35":15,"36":15,"37":14,"38":14,"39":3,"40":3,"41":3,"42":1,"43":2,"44":1,"45":1,"46":12,"47":12,"48":11,"49":1,"50":12,"51":4,"52":4,"53":4,"54":1,"55":3,"56":4,"57":8,"58":6,"59":6,"60":0,"61":6,"62":5,"63":1,"64":2,"65":2,"66":1,"67":1,"68":0,"69":0,"70":1,"71":1,"72":1,"73":1,"74":1,"75":0,"76":0,"77":1,"78":1,"79":1,"80":1,"81":1,"82":1,"83":1,"84":0,"85":0,"86":0,"87":0,"88":1,"89":6,"90":6,"91":6,"92":6,"93":1,"94":8,"95":8,"96":8,"97":3,"98":1,"99":1,"100":1,"101":0,"102":1,"103":1},"f":{"0":1,"1":0,"2":15,"3":5,"4":1,"5":1,"6":0,"7":0,"8":15,"9":0,"10":2,"11":0,"12":6,"13":8,"14":3,"15":1,"16":0,"17":1,"18":1},"b":{"0":[0],"1":[0,0],"2":[0,0],"3":[0,0],"4":[0,0],"5":[0,0],"6":[0,0],"7":[0,0],"8":[0],"9":[14,1],"10":[4,11],"11":[15,15],"12":[3,11],"13":[14,3],"14":[2,1],"15":[1,2],"16":[1,1],"17":[11,1],"18":[12,12],"19":[4,8],"20":[4,1],"21":[4,3,3,0],"22":[1,3],"23":[3,0,0],"24":[0,0],"25":[0,0],"26":[0,6],"27":[5,1],"28":[1,1],"29":[0,1],"30":[0,1],"31":[1,0],"32":[1,0],"33":[6],"34":[7],"35":[1,7],"36":[0],"37":[0],"38":[0]},"_coverageSchema":"1a1c01bbd47fc00a2c39e90264f33305004495a9","hash":"b4b57ce9f665c856eacb78db11cb5c7bf3770e1b"}
}
