TN:
SF:src\constants\colors.js
FNF:0
FNH:0
DA:2,1
DA:54,1
DA:62,1
DA:71,1
LF:4
LH:4
BRF:0
BRH:0
end_of_record
TN:
SF:src\constants\config.js
FNF:0
FNH:0
DA:8,1
DA:15,1
DA:16,1
DA:19,1
DA:22,1
DA:23,1
DA:24,1
DA:27,1
DA:30,1
DA:33,1
LF:10
LH:10
BRF:0
BRH:0
end_of_record
TN:
SF:src\screens\auth\LoginScreen.js
FN:10,LoginScreen
FN:17,(anonymous_1)
FN:82,(anonymous_2)
FN:119,(anonymous_3)
FNF:4
FNH:2
FNDA:14,LoginScreen
FNDA:2,(anonymous_1)
FNDA:0,(anonymous_2)
FNDA:0,(anonymous_3)
DA:11,14
DA:12,14
DA:13,14
DA:14,14
DA:15,14
DA:17,14
DA:18,2
DA:19,0
DA:20,0
DA:22,2
DA:23,2
DA:25,2
DA:27,1
DA:29,2
DA:33,14
DA:82,0
DA:119,0
DA:131,1
LF:18
LH:14
BRDA:18,0,0,0
BRDA:18,0,1,2
BRDA:18,1,0,2
BRDA:18,1,1,2
BRDA:27,2,0,1
BRDA:27,2,1,0
BRDA:36,3,0,0
BRDA:36,3,1,14
BRDA:85,4,0,0
BRDA:85,4,1,14
BRDA:94,5,0,14
BRDA:94,5,1,2
BRDA:99,6,0,2
BRDA:99,6,1,12
BRDA:105,7,0,2
BRDA:105,7,1,12
BRF:16
BRH:12
end_of_record
TN:
SF:src\services\apiClient.js
FN:14,(anonymous_0)
FN:15,(anonymous_1)
FN:25,getAccessToken
FN:29,getRefreshToken
FN:33,setTokens
FN:38,clearTokens
FN:49,extractDrfMessage
FN:52,(anonymous_7)
FN:68,apiRequest
FN:87,(anonymous_9)
FN:176,tryRefreshToken
FN:182,(anonymous_11)
FN:232,(anonymous_12)
FN:245,(anonymous_13)
FN:251,(anonymous_14)
FN:259,(anonymous_15)
FN:270,(anonymous_16)
FN:276,(anonymous_17)
FN:282,(anonymous_18)
FNF:19
FNH:13
FNDA:1,(anonymous_0)
FNDA:0,(anonymous_1)
FNDA:15,getAccessToken
FNDA:5,getRefreshToken
FNDA:1,setTokens
FNDA:1,clearTokens
FNDA:0,extractDrfMessage
FNDA:0,(anonymous_7)
FNDA:15,apiRequest
FNDA:0,(anonymous_9)
FNDA:2,tryRefreshToken
FNDA:0,(anonymous_11)
FNDA:6,(anonymous_12)
FNDA:8,(anonymous_13)
FNDA:3,(anonymous_14)
FNDA:1,(anonymous_15)
FNDA:0,(anonymous_16)
FNDA:1,(anonymous_17)
FNDA:1,(anonymous_18)
DA:11,1
DA:12,1
DA:14,1
DA:15,1
DA:16,0
DA:17,0
DA:19,0
DA:22,1
DA:26,15
DA:30,5
DA:34,1
DA:35,1
DA:39,1
DA:40,1
DA:50,0
DA:51,0
DA:52,0
DA:53,0
DA:54,0
DA:55,0
DA:56,0
DA:58,0
DA:61,0
DA:62,0
DA:69,15
DA:71,15
DA:76,15
DA:77,14
DA:81,15
DA:82,15
DA:83,4
DA:86,15
DA:87,15
DA:89,15
DA:90,15
DA:96,14
DA:99,14
DA:102,3
DA:103,3
DA:104,3
DA:106,1
DA:108,2
DA:110,1
DA:111,1
DA:119,12
DA:120,12
DA:121,11
DA:123,1
DA:126,12
DA:132,4
DA:134,4
DA:139,4
DA:140,1
DA:144,3
DA:151,4
DA:154,8
DA:156,6
DA:158,6
DA:159,0
DA:162,6
DA:163,5
DA:166,1
DA:177,2
DA:178,2
DA:181,1
DA:182,0
DA:183,0
DA:187,1
DA:189,1
DA:190,1
DA:191,1
DA:200,1
DA:201,0
DA:202,0
DA:207,1
DA:208,1
DA:209,1
DA:211,1
DA:212,1
DA:213,1
DA:214,1
DA:217,0
DA:218,0
DA:220,0
DA:221,0
DA:223,1
DA:233,6
DA:234,6
DA:235,6
DA:236,6
DA:244,1
DA:246,8
DA:247,8
DA:248,8
DA:252,3
DA:260,1
DA:261,1
DA:262,1
DA:271,0
DA:277,1
DA:283,1
LF:101
LH:78
BRDA:14,0,0,0
BRDA:16,1,0,0
BRDA:16,1,1,0
BRDA:50,2,0,0
BRDA:50,2,1,0
BRDA:50,3,0,0
BRDA:50,3,1,0
BRDA:53,4,0,0
BRDA:53,4,1,0
BRDA:55,5,0,0
BRDA:55,5,1,0
BRDA:55,6,0,0
BRDA:55,6,1,0
BRDA:62,7,0,0
BRDA:62,7,1,0
BRDA:68,8,0,0
BRDA:76,9,0,14
BRDA:76,9,1,1
BRDA:82,10,0,4
BRDA:82,10,1,11
BRDA:87,11,0,15
BRDA:87,11,1,15
BRDA:99,12,0,3
BRDA:99,12,1,11
BRDA:99,13,0,14
BRDA:99,13,1,3
BRDA:103,14,0,2
BRDA:103,14,1,1
BRDA:104,15,0,1
BRDA:104,15,1,2
BRDA:108,16,0,1
BRDA:108,16,1,1
BRDA:120,17,0,11
BRDA:120,17,1,1
BRDA:120,18,0,12
BRDA:120,18,1,12
BRDA:126,19,0,4
BRDA:126,19,1,8
BRDA:132,20,0,4
BRDA:132,20,1,1
BRDA:134,21,0,4
BRDA:134,21,1,3
BRDA:134,21,2,3
BRDA:134,21,3,0
BRDA:139,22,0,1
BRDA:139,22,1,3
BRDA:145,23,0,3
BRDA:145,23,1,0
BRDA:145,23,2,0
BRDA:147,24,0,0
BRDA:147,24,1,0
BRDA:149,25,0,0
BRDA:149,25,1,0
BRDA:158,26,0,0
BRDA:158,26,1,6
BRDA:162,27,0,5
BRDA:162,27,1,1
BRDA:178,28,0,1
BRDA:178,28,1,1
BRDA:181,29,0,0
BRDA:181,29,1,1
BRDA:200,30,0,0
BRDA:200,30,1,1
BRDA:209,31,0,1
BRDA:209,31,1,0
BRDA:211,32,0,1
BRDA:211,32,1,0
BRDA:232,33,0,6
BRDA:245,34,0,7
BRDA:247,35,0,1
BRDA:247,35,1,7
BRDA:251,36,0,0
BRDA:270,37,0,0
BRDA:276,38,0,0
BRF:74
BRH:43
end_of_record
