TN:
SF:src\components\ErrorBoundary.js
FN:10,(anonymous_0)
FN:15,(anonymous_1)
FN:19,(anonymous_2)
FN:23,(anonymous_3)
FN:27,(anonymous_4)
FNF:5
FNH:5
FNDA:4,(anonymous_0)
FNDA:3,(anonymous_1)
FNDA:3,(anonymous_2)
FNDA:1,(anonymous_3)
FNDA:8,(anonymous_4)
DA:11,4
DA:12,4
DA:16,3
DA:20,3
DA:23,4
DA:24,1
DA:28,8
DA:29,3
DA:44,5
DA:48,1
LF:10
LH:10
BRDA:28,0,0,3
BRDA:28,0,1,5
BRDA:34,1,0,3
BRDA:34,1,1,0
BRF:4
BRH:3
end_of_record
TN:
SF:src\components\NotificationBell.js
FN:5,NotificationBell
FNF:1
FNH:1
FNDA:6,NotificationBell
DA:6,6
DA:18,1
LF:2
LH:2
BRDA:9,0,0,6
BRDA:9,0,1,4
BRDA:11,1,0,1
BRDA:11,1,1,3
BRF:4
BRH:4
end_of_record
TN:
SF:src\constants\colors.js
FNF:0
FNH:0
DA:2,2
DA:54,2
DA:62,2
DA:71,2
LF:4
LH:4
BRF:0
BRH:0
end_of_record
TN:
SF:src\constants\config.js
FNF:0
FNH:0
DA:6,3
DA:11,3
DA:12,3
DA:15,3
DA:18,3
DA:19,3
DA:22,3
DA:25,3
LF:8
LH:8
BRF:0
BRH:0
end_of_record
TN:
SF:src\context\AuthContext.js
FN:8,AuthProvider
FN:14,(anonymous_1)
FN:18,(anonymous_2)
FN:40,(anonymous_3)
FN:50,(anonymous_4)
FN:60,(anonymous_5)
FN:67,(anonymous_6)
FN:78,(anonymous_7)
FN:111,useAuth
FNF:9
FNH:6
FNDA:16,AuthProvider
FNDA:5,(anonymous_1)
FNDA:5,(anonymous_2)
FNDA:1,(anonymous_3)
FNDA:0,(anonymous_4)
FNDA:0,(anonymous_5)
FNDA:0,(anonymous_6)
FNDA:64,(anonymous_7)
FNDA:20,useAuth
DA:6,1
DA:9,16
DA:10,16
DA:11,16
DA:14,16
DA:15,5
DA:18,16
DA:19,5
DA:20,5
DA:21,5
DA:22,3
DA:23,2
DA:24,2
DA:25,2
DA:27,0
DA:28,0
DA:33,1
DA:34,1
DA:36,5
DA:40,16
DA:41,1
DA:42,1
DA:43,1
DA:44,1
DA:45,1
DA:47,0
DA:50,16
DA:51,0
DA:52,0
DA:53,0
DA:54,0
DA:55,0
DA:57,0
DA:60,16
DA:61,0
DA:62,0
DA:63,0
DA:64,0
DA:67,16
DA:68,0
DA:69,0
DA:70,0
DA:71,0
DA:72,0
DA:74,0
DA:77,16
DA:79,64
DA:80,36
DA:81,12
DA:86,16
DA:87,16
DA:88,16
DA:89,16
DA:90,16
DA:92,16
DA:108,16
DA:112,20
DA:113,20
DA:114,0
DA:116,20
LF:60
LH:40
BRDA:21,0,0,3
BRDA:21,0,1,2
BRDA:23,1,0,2
BRDA:23,1,1,0
BRDA:42,2,0,1
BRDA:42,2,1,0
BRDA:47,3,0,0
BRDA:47,3,1,0
BRDA:52,4,0,0
BRDA:52,4,1,0
BRDA:57,5,0,0
BRDA:57,5,1,0
BRDA:69,6,0,0
BRDA:69,6,1,0
BRDA:74,7,0,0
BRDA:74,7,1,0
BRDA:79,8,0,28
BRDA:79,8,1,36
BRDA:80,9,0,24
BRDA:80,9,1,12
BRDA:90,10,0,16
BRDA:90,10,1,9
BRDA:90,10,2,6
BRDA:113,11,0,0
BRDA:113,11,1,20
BRF:25
BRH:12
end_of_record
TN:
SF:src\context\NetworkProvider.js
FN:7,(anonymous_0)
FN:13,NetworkProvider
FN:18,(anonymous_2)
FN:19,(anonymous_3)
FN:35,(anonymous_4)
FN:39,(anonymous_5)
FNF:6
FNH:3
FNDA:3,(anonymous_0)
FNDA:4,NetworkProvider
FNDA:3,(anonymous_2)
FNDA:0,(anonymous_3)
FNDA:0,(anonymous_4)
FNDA:0,(anonymous_5)
DA:5,1
DA:7,3
DA:14,4
DA:15,4
DA:16,4
DA:18,4
DA:19,3
DA:20,0
DA:21,0
DA:23,0
DA:24,0
DA:25,0
DA:30,0
DA:31,0
DA:35,0
DA:39,3
DA:42,4
DA:56,1
LF:18
LH:10
BRDA:20,0,0,0
BRDA:20,0,1,0
BRDA:23,1,0,0
BRDA:23,1,1,0
BRDA:30,2,0,0
BRDA:30,2,1,0
BRDA:45,3,0,4
BRDA:45,3,1,0
BRF:8
BRH:1
end_of_record
TN:
SF:src\hooks\useRetry.js
FN:16,useRetry
FN:23,(anonymous_1)
FN:47,(anonymous_2)
FN:58,(anonymous_3)
FN:65,(anonymous_4)
FNF:5
FNH:4
FNDA:37,useRetry
FNDA:9,(anonymous_1)
FNDA:2,(anonymous_2)
FNDA:0,(anonymous_3)
FNDA:1,(anonymous_4)
DA:17,37
DA:18,37
DA:19,37
DA:20,37
DA:22,37
DA:24,9
DA:25,9
DA:26,9
DA:29,9
DA:30,11
DA:31,11
DA:32,3
DA:33,3
DA:34,3
DA:36,8
DA:40,8
DA:43,8
DA:46,2
DA:47,2
DA:51,6
DA:52,6
DA:53,6
DA:58,37
DA:59,0
DA:60,0
DA:62,0
DA:65,37
DA:67,37
LF:28
LH:25
BRDA:16,0,0,13
BRDA:16,1,0,13
BRDA:16,2,0,13
BRDA:40,3,0,8
BRDA:40,3,1,8
BRDA:43,4,0,6
BRDA:43,4,1,2
BRDA:43,5,0,8
BRDA:43,5,1,2
BRDA:59,6,0,0
BRDA:59,6,1,0
BRF:11
BRH:9
end_of_record
TN:
SF:src\screens\auth\LoginScreen.js
FN:10,LoginScreen
FN:17,(anonymous_1)
FN:81,(anonymous_2)
FN:118,(anonymous_3)
FN:124,(anonymous_4)
FNF:5
FNH:3
FNDA:14,LoginScreen
FNDA:2,(anonymous_1)
FNDA:0,(anonymous_2)
FNDA:0,(anonymous_3)
FNDA:1,(anonymous_4)
DA:11,14
DA:12,14
DA:13,14
DA:14,14
DA:15,14
DA:17,14
DA:18,2
DA:19,0
DA:20,0
DA:22,2
DA:23,2
DA:24,2
DA:26,1
DA:28,2
DA:32,14
DA:81,0
DA:118,0
DA:124,1
DA:135,1
LF:19
LH:15
BRDA:18,0,0,0
BRDA:18,0,1,2
BRDA:18,1,0,2
BRDA:18,1,1,2
BRDA:26,2,0,1
BRDA:26,2,1,0
BRDA:35,3,0,0
BRDA:35,3,1,14
BRDA:84,4,0,0
BRDA:84,4,1,14
BRDA:93,5,0,14
BRDA:93,5,1,2
BRDA:98,6,0,2
BRDA:98,6,1,12
BRDA:104,7,0,2
BRDA:104,7,1,12
BRF:16
BRH:12
end_of_record
TN:
SF:src\screens\auth\RegisterScreen.js
FN:10,RegisterScreen
FN:18,(anonymous_1)
FN:134,(anonymous_2)
FNF:3
FNH:2
FNDA:10,RegisterScreen
FNDA:3,(anonymous_1)
FNDA:0,(anonymous_2)
DA:11,10
DA:12,10
DA:13,10
DA:14,10
DA:15,10
DA:16,10
DA:18,10
DA:19,3
DA:20,1
DA:21,1
DA:23,2
DA:24,1
DA:25,1
DA:27,1
DA:28,1
DA:29,1
DA:36,0
DA:38,1
DA:42,10
DA:134,0
DA:145,1
LF:21
LH:19
BRDA:19,0,0,1
BRDA:19,0,1,2
BRDA:19,1,0,3
BRDA:19,1,1,2
BRDA:19,1,2,2
BRDA:19,1,3,2
BRDA:23,2,0,1
BRDA:23,2,1,1
BRDA:36,3,0,0
BRDA:36,3,1,0
BRDA:45,4,0,0
BRDA:45,4,1,10
BRDA:117,5,0,10
BRDA:117,5,1,1
BRDA:122,6,0,1
BRDA:122,6,1,9
BRDA:128,7,0,1
BRDA:128,7,1,9
BRF:18
BRH:15
end_of_record
TN:
SF:src\services\apiClient.js
FN:14,(anonymous_0)
FN:15,(anonymous_1)
FN:25,getAccessToken
FN:29,getRefreshToken
FN:33,setTokens
FN:38,clearTokens
FN:49,extractDrfMessage
FN:52,(anonymous_7)
FN:68,apiRequest
FN:87,(anonymous_9)
FN:176,tryRefreshToken
FN:182,(anonymous_11)
FN:232,(anonymous_12)
FN:245,(anonymous_13)
FN:251,(anonymous_14)
FN:259,(anonymous_15)
FN:270,(anonymous_16)
FN:276,(anonymous_17)
FN:282,(anonymous_18)
FNF:19
FNH:13
FNDA:1,(anonymous_0)
FNDA:0,(anonymous_1)
FNDA:15,getAccessToken
FNDA:5,getRefreshToken
FNDA:1,setTokens
FNDA:1,clearTokens
FNDA:0,extractDrfMessage
FNDA:0,(anonymous_7)
FNDA:15,apiRequest
FNDA:0,(anonymous_9)
FNDA:2,tryRefreshToken
FNDA:0,(anonymous_11)
FNDA:14,(anonymous_12)
FNDA:8,(anonymous_13)
FNDA:3,(anonymous_14)
FNDA:1,(anonymous_15)
FNDA:0,(anonymous_16)
FNDA:1,(anonymous_17)
FNDA:1,(anonymous_18)
DA:11,2
DA:12,2
DA:14,2
DA:15,1
DA:16,0
DA:17,0
DA:19,0
DA:22,1
DA:26,15
DA:30,5
DA:34,1
DA:35,1
DA:39,1
DA:40,1
DA:50,0
DA:51,0
DA:52,0
DA:53,0
DA:54,0
DA:55,0
DA:56,0
DA:58,0
DA:61,0
DA:62,0
DA:69,15
DA:71,15
DA:76,15
DA:77,14
DA:81,15
DA:82,15
DA:83,4
DA:86,15
DA:87,15
DA:89,15
DA:90,15
DA:96,14
DA:99,14
DA:102,3
DA:103,3
DA:104,3
DA:106,1
DA:108,2
DA:110,1
DA:111,1
DA:119,12
DA:120,12
DA:121,11
DA:123,1
DA:126,12
DA:132,4
DA:134,4
DA:139,4
DA:140,1
DA:144,3
DA:151,4
DA:154,8
DA:156,6
DA:158,6
DA:159,0
DA:162,6
DA:163,5
DA:166,1
DA:177,2
DA:178,2
DA:181,1
DA:182,0
DA:183,0
DA:187,1
DA:189,1
DA:190,1
DA:191,1
DA:200,1
DA:201,0
DA:202,0
DA:207,1
DA:208,1
DA:209,1
DA:211,1
DA:212,1
DA:213,1
DA:214,1
DA:217,0
DA:218,0
DA:220,0
DA:221,0
DA:223,1
DA:233,14
DA:234,14
DA:235,14
DA:236,14
DA:244,2
DA:246,8
DA:247,8
DA:248,8
DA:252,3
DA:260,1
DA:261,1
DA:262,1
DA:271,0
DA:277,1
DA:283,1
LF:101
LH:78
BRDA:14,0,0,0
BRDA:16,1,0,0
BRDA:16,1,1,0
BRDA:50,2,0,0
BRDA:50,2,1,0
BRDA:50,3,0,0
BRDA:50,3,1,0
BRDA:53,4,0,0
BRDA:53,4,1,0
BRDA:55,5,0,0
BRDA:55,5,1,0
BRDA:55,6,0,0
BRDA:55,6,1,0
BRDA:62,7,0,0
BRDA:62,7,1,0
BRDA:68,8,0,0
BRDA:76,9,0,14
BRDA:76,9,1,1
BRDA:82,10,0,4
BRDA:82,10,1,11
BRDA:87,11,0,15
BRDA:87,11,1,15
BRDA:99,12,0,3
BRDA:99,12,1,11
BRDA:99,13,0,14
BRDA:99,13,1,3
BRDA:103,14,0,2
BRDA:103,14,1,1
BRDA:104,15,0,1
BRDA:104,15,1,2
BRDA:108,16,0,1
BRDA:108,16,1,1
BRDA:120,17,0,11
BRDA:120,17,1,1
BRDA:120,18,0,12
BRDA:120,18,1,12
BRDA:126,19,0,4
BRDA:126,19,1,8
BRDA:132,20,0,4
BRDA:132,20,1,1
BRDA:134,21,0,4
BRDA:134,21,1,3
BRDA:134,21,2,3
BRDA:134,21,3,0
BRDA:139,22,0,1
BRDA:139,22,1,3
BRDA:145,23,0,3
BRDA:145,23,1,0
BRDA:145,23,2,0
BRDA:147,24,0,0
BRDA:147,24,1,0
BRDA:149,25,0,0
BRDA:149,25,1,0
BRDA:158,26,0,0
BRDA:158,26,1,6
BRDA:162,27,0,5
BRDA:162,27,1,1
BRDA:178,28,0,1
BRDA:178,28,1,1
BRDA:181,29,0,0
BRDA:181,29,1,1
BRDA:200,30,0,0
BRDA:200,30,1,1
BRDA:209,31,0,1
BRDA:209,31,1,0
BRDA:211,32,0,1
BRDA:211,32,1,0
BRDA:232,33,0,14
BRDA:245,34,0,7
BRDA:247,35,0,1
BRDA:247,35,1,7
BRDA:251,36,0,0
BRDA:270,37,0,0
BRDA:276,38,0,0
BRF:74
BRH:43
end_of_record
TN:
SF:src\utils\data.js
FN:5,(anonymous_0)
FN:19,(anonymous_1)
FNF:2
FNH:2
FNDA:10,(anonymous_0)
FNDA:5,(anonymous_1)
DA:5,1
DA:7,10
DA:8,9
DA:10,5
DA:12,4
DA:13,3
DA:14,2
DA:16,1
DA:19,1
DA:20,5
LF:10
LH:10
BRDA:7,0,0,1
BRDA:7,0,1,9
BRDA:8,1,0,4
BRDA:8,1,1,5
BRDA:8,2,0,9
BRDA:8,2,1,7
BRDA:10,3,0,1
BRDA:10,3,1,4
BRDA:12,4,0,1
BRDA:12,4,1,3
BRDA:13,5,0,1
BRDA:13,5,1,2
BRDA:14,6,0,1
BRDA:14,6,1,1
BRDA:20,7,0,1
BRDA:20,7,1,4
BRDA:20,8,0,5
BRDA:20,8,1,2
BRDA:20,8,2,2
BRDA:22,9,0,4
BRDA:22,9,1,2
BRF:21
BRH:21
end_of_record
